2023-07-21T16:21:21.136-03:00  INFO 795604 --- [main] c.c.c.ConfigServicePropertySourceLocator : Fetching config from server at : http://localhost:8888
2023-07-21T16:21:21.366-03:00  INFO 795604 --- [main] c.c.c.ConfigServicePropertySourceLocator : Exception on Url - http://localhost:8888:org.springframework.web.client.ResourceAccessException: I/O error on GET request for "http://localhost:8888/mssupportequipments/default": Conexão recusada. Will be trying the next url if available
2023-07-21T16:21:21.367-03:00  WARN 795604 --- [main] c.c.c.ConfigServicePropertySourceLocator : Could not locate PropertySource: I/O error on GET request for "http://localhost:8888/mssupportequipments/default": Conexão recusada
2023-07-21T16:21:21.377-03:00  INFO 795604 --- [main] l.u.e.b.m.MsSupportEquipmentsApplication : No active profile set, falling back to 1 default profile: "default"
2023-07-21T16:21:23.073-03:00  INFO 795604 --- [main] .s.d.r.c.RepositoryConfigurationDelegate : Bootstrapping Spring Data JPA repositories in DEFAULT mode.
2023-07-21T16:21:23.234-03:00  INFO 795604 --- [main] .s.d.r.c.RepositoryConfigurationDelegate : Finished Spring Data repository scanning in 151 ms. Found 1 JPA repository interfaces.
2023-07-21T16:21:23.662-03:00  INFO 795604 --- [main] o.s.cloud.context.scope.GenericScope     : BeanFactory id=3b415cfe-36fe-3fe1-91b3-1eb843dd2fc4
2023-07-21T16:21:23.779-03:00  INFO 795604 --- [main] trationDelegate$BeanPostProcessorChecker : Bean 'lit.unichristus.edu.br.mssupportequipments.clients.CampusClient' of type [org.springframework.cloud.openfeign.FeignClientFactoryBean] is not eligible for getting processed by all BeanPostProcessors (for example: not eligible for auto-proxying)
2023-07-21T16:21:23.957-03:00 ERROR 795604 --- [main] o.a.catalina.core.AprLifecycleListener   : An incompatible version [1.2.31] of the Apache Tomcat Native library is installed, while Tomcat requires version [1.2.34]
2023-07-21T16:21:24.269-03:00  INFO 795604 --- [main] o.s.b.w.embedded.tomcat.TomcatWebServer  : Tomcat initialized with port(s): 0 (http)
2023-07-21T16:21:24.282-03:00  INFO 795604 --- [main] o.apache.catalina.core.StandardService   : Starting service [Tomcat]
2023-07-21T16:21:24.283-03:00  INFO 795604 --- [main] o.apache.catalina.core.StandardEngine    : Starting Servlet engine: [Apache Tomcat/10.1.5]
2023-07-21T16:21:24.419-03:00  INFO 795604 --- [main] o.a.c.c.C.[Tomcat].[localhost].[/]       : Initializing Spring embedded WebApplicationContext
2023-07-21T16:21:24.422-03:00  INFO 795604 --- [main] w.s.c.ServletWebServerApplicationContext : Root WebApplicationContext: initialization completed in 3006 ms
2023-07-21T16:21:24.863-03:00  INFO 795604 --- [main] o.hibernate.jpa.internal.util.LogHelper  : HHH000204: Processing PersistenceUnitInfo [name: default]
2023-07-21T16:21:24.956-03:00  INFO 795604 --- [main] org.hibernate.Version                    : HHH000412: Hibernate ORM core version 6.1.6.Final
2023-07-21T16:21:25.169-03:00  WARN 795604 --- [main] org.hibernate.orm.deprecation            : HHH90000021: Encountered deprecated setting [javax.persistence.sharedCache.mode], use [jakarta.persistence.sharedCache.mode] instead
2023-07-21T16:21:25.292-03:00  INFO 795604 --- [main] com.zaxxer.hikari.HikariDataSource       : HikariPool-1 - Starting...
2023-07-21T16:21:25.675-03:00  INFO 795604 --- [main] com.zaxxer.hikari.pool.HikariPool        : HikariPool-1 - Added connection org.postgresql.jdbc.PgConnection@484876a1
2023-07-21T16:21:25.677-03:00  INFO 795604 --- [main] com.zaxxer.hikari.HikariDataSource       : HikariPool-1 - Start completed.
2023-07-21T16:21:25.728-03:00  INFO 795604 --- [main] SQL dialect                              : HHH000400: Using dialect: org.hibernate.dialect.PostgreSQLDialect
2023-07-21T16:21:26.890-03:00  INFO 795604 --- [main] o.h.e.t.j.p.i.JtaPlatformInitiator       : HHH000490: Using JtaPlatform implementation: [org.hibernate.engine.transaction.jta.platform.internal.NoJtaPlatform]
2023-07-21T16:21:26.899-03:00  INFO 795604 --- [main] j.LocalContainerEntityManagerFactoryBean : Initialized JPA EntityManagerFactory for persistence unit 'default'
2023-07-21T16:21:27.356-03:00  WARN 795604 --- [main] ConfigServletWebServerApplicationContext : Exception encountered during context initialization - cancelling refresh attempt: org.springframework.beans.factory.UnsatisfiedDependencyException: Error creating bean with name 'supportEquipmentController' defined in file [/home/lit/Área de Trabalho/litapi/System-Scheduler/mssupportequipments/target/classes/lit/unichristus/edu/br/mssupportequipments/controllers/SupportEquipmentController.class]: Unsatisfied dependency expressed through constructor parameter 0: Error creating bean with name 'supportEquipmentService' defined in file [/home/lit/Área de Trabalho/litapi/System-Scheduler/mssupportequipments/target/classes/lit/unichristus/edu/br/mssupportequipments/services/SupportEquipmentService.class]: Unsatisfied dependency expressed through constructor parameter 0: Error creating bean with name 'supportEquipmentRepository' defined in lit.unichristus.edu.br.mssupportequipments.repositories.SupportEquipmentRepository defined in @EnableJpaRepositories declared on JpaRepositoriesRegistrar.EnableJpaRepositoriesConfiguration: Could not create query for public abstract lit.unichristus.edu.br.mssupportequipments.models.SupportEquipmentModel lit.unichristus.edu.br.mssupportequipments.repositories.SupportEquipmentRepository.findFirstByCampusAndSituationAndBookedUntilBefore(java.util.UUID,lit.unichristus.edu.br.mssupportequipments.enums.SituationEnum,java.util.Date); Reason: Failed to create query for method public abstract lit.unichristus.edu.br.mssupportequipments.models.SupportEquipmentModel lit.unichristus.edu.br.mssupportequipments.repositories.SupportEquipmentRepository.findFirstByCampusAndSituationAndBookedUntilBefore(java.util.UUID,lit.unichristus.edu.br.mssupportequipments.enums.SituationEnum,java.util.Date); No property 'bookedUntil' found for type 'SupportEquipmentModel'
2023-07-21T16:21:27.357-03:00  INFO 795604 --- [main] j.LocalContainerEntityManagerFactoryBean : Closing JPA EntityManagerFactory for persistence unit 'default'
2023-07-21T16:21:27.362-03:00  INFO 795604 --- [main] com.zaxxer.hikari.HikariDataSource       : HikariPool-1 - Shutdown initiated...
2023-07-21T16:21:27.393-03:00  INFO 795604 --- [main] com.zaxxer.hikari.HikariDataSource       : HikariPool-1 - Shutdown completed.
2023-07-21T16:21:27.394-03:00  INFO 795604 --- [main] o.apache.catalina.core.StandardService   : Stopping service [Tomcat]
2023-07-21T16:21:27.451-03:00  INFO 795604 --- [main] .s.b.a.l.ConditionEvaluationReportLogger : 

Error starting ApplicationContext. To display the condition evaluation report re-run your application with 'debug' enabled.
2023-07-21T16:21:27.500-03:00 ERROR 795604 --- [main] o.s.boot.SpringApplication               : Application run failed

org.springframework.beans.factory.UnsatisfiedDependencyException: Error creating bean with name 'supportEquipmentController' defined in file [/home/lit/Área de Trabalho/litapi/System-Scheduler/mssupportequipments/target/classes/lit/unichristus/edu/br/mssupportequipments/controllers/SupportEquipmentController.class]: Unsatisfied dependency expressed through constructor parameter 0: Error creating bean with name 'supportEquipmentService' defined in file [/home/lit/Área de Trabalho/litapi/System-Scheduler/mssupportequipments/target/classes/lit/unichristus/edu/br/mssupportequipments/services/SupportEquipmentService.class]: Unsatisfied dependency expressed through constructor parameter 0: Error creating bean with name 'supportEquipmentRepository' defined in lit.unichristus.edu.br.mssupportequipments.repositories.SupportEquipmentRepository defined in @EnableJpaRepositories declared on JpaRepositoriesRegistrar.EnableJpaRepositoriesConfiguration: Could not create query for public abstract lit.unichristus.edu.br.mssupportequipments.models.SupportEquipmentModel lit.unichristus.edu.br.mssupportequipments.repositories.SupportEquipmentRepository.findFirstByCampusAndSituationAndBookedUntilBefore(java.util.UUID,lit.unichristus.edu.br.mssupportequipments.enums.SituationEnum,java.util.Date); Reason: Failed to create query for method public abstract lit.unichristus.edu.br.mssupportequipments.models.SupportEquipmentModel lit.unichristus.edu.br.mssupportequipments.repositories.SupportEquipmentRepository.findFirstByCampusAndSituationAndBookedUntilBefore(java.util.UUID,lit.unichristus.edu.br.mssupportequipments.enums.SituationEnum,java.util.Date); No property 'bookedUntil' found for type 'SupportEquipmentModel'
	at org.springframework.beans.factory.support.ConstructorResolver.createArgumentArray(ConstructorResolver.java:798) ~[spring-beans-6.0.4.jar:6.0.4]
	at org.springframework.beans.factory.support.ConstructorResolver.autowireConstructor(ConstructorResolver.java:245) ~[spring-beans-6.0.4.jar:6.0.4]
	at org.springframework.beans.factory.support.AbstractAutowireCapableBeanFactory.autowireConstructor(AbstractAutowireCapableBeanFactory.java:1344) ~[spring-beans-6.0.4.jar:6.0.4]
	at org.springframework.beans.factory.support.AbstractAutowireCapableBeanFactory.createBeanInstance(AbstractAutowireCapableBeanFactory.java:1188) ~[spring-beans-6.0.4.jar:6.0.4]
	at org.springframework.beans.factory.support.AbstractAutowireCapableBeanFactory.doCreateBean(AbstractAutowireCapableBeanFactory.java:561) ~[spring-beans-6.0.4.jar:6.0.4]
	at org.springframework.beans.factory.support.AbstractAutowireCapableBeanFactory.createBean(AbstractAutowireCapableBeanFactory.java:521) ~[spring-beans-6.0.4.jar:6.0.4]
	at org.springframework.beans.factory.support.AbstractBeanFactory.lambda$doGetBean$0(AbstractBeanFactory.java:326) ~[spring-beans-6.0.4.jar:6.0.4]
	at org.springframework.beans.factory.support.DefaultSingletonBeanRegistry.getSingleton(DefaultSingletonBeanRegistry.java:234) ~[spring-beans-6.0.4.jar:6.0.4]
	at org.springframework.beans.factory.support.AbstractBeanFactory.doGetBean(AbstractBeanFactory.java:324) ~[spring-beans-6.0.4.jar:6.0.4]
	at org.springframework.beans.factory.support.AbstractBeanFactory.getBean(AbstractBeanFactory.java:200) ~[spring-beans-6.0.4.jar:6.0.4]
	at org.springframework.beans.factory.support.DefaultListableBeanFactory.preInstantiateSingletons(DefaultListableBeanFactory.java:961) ~[spring-beans-6.0.4.jar:6.0.4]
	at org.springframework.context.support.AbstractApplicationContext.finishBeanFactoryInitialization(AbstractApplicationContext.java:915) ~[spring-context-6.0.4.jar:6.0.4]
	at org.springframework.context.support.AbstractApplicationContext.refresh(AbstractApplicationContext.java:584) ~[spring-context-6.0.4.jar:6.0.4]
	at org.springframework.boot.web.servlet.context.ServletWebServerApplicationContext.refresh(ServletWebServerApplicationContext.java:146) ~[spring-boot-3.0.2.jar:3.0.2]
	at org.springframework.boot.SpringApplication.refresh(SpringApplication.java:730) ~[spring-boot-3.0.2.jar:3.0.2]
	at org.springframework.boot.SpringApplication.refreshContext(SpringApplication.java:432) ~[spring-boot-3.0.2.jar:3.0.2]
	at org.springframework.boot.SpringApplication.run(SpringApplication.java:308) ~[spring-boot-3.0.2.jar:3.0.2]
	at org.springframework.boot.SpringApplication.run(SpringApplication.java:1302) ~[spring-boot-3.0.2.jar:3.0.2]
	at org.springframework.boot.SpringApplication.run(SpringApplication.java:1291) ~[spring-boot-3.0.2.jar:3.0.2]
	at lit.unichristus.edu.br.mssupportequipments.MsSupportEquipmentsApplication.main(MsSupportEquipmentsApplication.java:16) ~[classes/:na]
Caused by: org.springframework.beans.factory.UnsatisfiedDependencyException: Error creating bean with name 'supportEquipmentService' defined in file [/home/lit/Área de Trabalho/litapi/System-Scheduler/mssupportequipments/target/classes/lit/unichristus/edu/br/mssupportequipments/services/SupportEquipmentService.class]: Unsatisfied dependency expressed through constructor parameter 0: Error creating bean with name 'supportEquipmentRepository' defined in lit.unichristus.edu.br.mssupportequipments.repositories.SupportEquipmentRepository defined in @EnableJpaRepositories declared on JpaRepositoriesRegistrar.EnableJpaRepositoriesConfiguration: Could not create query for public abstract lit.unichristus.edu.br.mssupportequipments.models.SupportEquipmentModel lit.unichristus.edu.br.mssupportequipments.repositories.SupportEquipmentRepository.findFirstByCampusAndSituationAndBookedUntilBefore(java.util.UUID,lit.unichristus.edu.br.mssupportequipments.enums.SituationEnum,java.util.Date); Reason: Failed to create query for method public abstract lit.unichristus.edu.br.mssupportequipments.models.SupportEquipmentModel lit.unichristus.edu.br.mssupportequipments.repositories.SupportEquipmentRepository.findFirstByCampusAndSituationAndBookedUntilBefore(java.util.UUID,lit.unichristus.edu.br.mssupportequipments.enums.SituationEnum,java.util.Date); No property 'bookedUntil' found for type 'SupportEquipmentModel'
	at org.springframework.beans.factory.support.ConstructorResolver.createArgumentArray(ConstructorResolver.java:798) ~[spring-beans-6.0.4.jar:6.0.4]
	at org.springframework.beans.factory.support.ConstructorResolver.autowireConstructor(ConstructorResolver.java:245) ~[spring-beans-6.0.4.jar:6.0.4]
	at org.springframework.beans.factory.support.AbstractAutowireCapableBeanFactory.autowireConstructor(AbstractAutowireCapableBeanFactory.java:1344) ~[spring-beans-6.0.4.jar:6.0.4]
	at org.springframework.beans.factory.support.AbstractAutowireCapableBeanFactory.createBeanInstance(AbstractAutowireCapableBeanFactory.java:1188) ~[spring-beans-6.0.4.jar:6.0.4]
	at org.springframework.beans.factory.support.AbstractAutowireCapableBeanFactory.doCreateBean(AbstractAutowireCapableBeanFactory.java:561) ~[spring-beans-6.0.4.jar:6.0.4]
	at org.springframework.beans.factory.support.AbstractAutowireCapableBeanFactory.createBean(AbstractAutowireCapableBeanFactory.java:521) ~[spring-beans-6.0.4.jar:6.0.4]
	at org.springframework.beans.factory.support.AbstractBeanFactory.lambda$doGetBean$0(AbstractBeanFactory.java:326) ~[spring-beans-6.0.4.jar:6.0.4]
	at org.springframework.beans.factory.support.DefaultSingletonBeanRegistry.getSingleton(DefaultSingletonBeanRegistry.java:234) ~[spring-beans-6.0.4.jar:6.0.4]
	at org.springframework.beans.factory.support.AbstractBeanFactory.doGetBean(AbstractBeanFactory.java:324) ~[spring-beans-6.0.4.jar:6.0.4]
	at org.springframework.beans.factory.support.AbstractBeanFactory.getBean(AbstractBeanFactory.java:200) ~[spring-beans-6.0.4.jar:6.0.4]
	at org.springframework.beans.factory.config.DependencyDescriptor.resolveCandidate(DependencyDescriptor.java:254) ~[spring-beans-6.0.4.jar:6.0.4]
	at org.springframework.beans.factory.support.DefaultListableBeanFactory.doResolveDependency(DefaultListableBeanFactory.java:1405) ~[spring-beans-6.0.4.jar:6.0.4]
	at org.springframework.beans.factory.support.DefaultListableBeanFactory.resolveDependency(DefaultListableBeanFactory.java:1325) ~[spring-beans-6.0.4.jar:6.0.4]
	at org.springframework.beans.factory.support.ConstructorResolver.resolveAutowiredArgument(ConstructorResolver.java:885) ~[spring-beans-6.0.4.jar:6.0.4]
	at org.springframework.beans.factory.support.ConstructorResolver.createArgumentArray(ConstructorResolver.java:789) ~[spring-beans-6.0.4.jar:6.0.4]
	... 19 common frames omitted
Caused by: org.springframework.beans.factory.BeanCreationException: Error creating bean with name 'supportEquipmentRepository' defined in lit.unichristus.edu.br.mssupportequipments.repositories.SupportEquipmentRepository defined in @EnableJpaRepositories declared on JpaRepositoriesRegistrar.EnableJpaRepositoriesConfiguration: Could not create query for public abstract lit.unichristus.edu.br.mssupportequipments.models.SupportEquipmentModel lit.unichristus.edu.br.mssupportequipments.repositories.SupportEquipmentRepository.findFirstByCampusAndSituationAndBookedUntilBefore(java.util.UUID,lit.unichristus.edu.br.mssupportequipments.enums.SituationEnum,java.util.Date); Reason: Failed to create query for method public abstract lit.unichristus.edu.br.mssupportequipments.models.SupportEquipmentModel lit.unichristus.edu.br.mssupportequipments.repositories.SupportEquipmentRepository.findFirstByCampusAndSituationAndBookedUntilBefore(java.util.UUID,lit.unichristus.edu.br.mssupportequipments.enums.SituationEnum,java.util.Date); No property 'bookedUntil' found for type 'SupportEquipmentModel'
	at org.springframework.beans.factory.support.AbstractAutowireCapableBeanFactory.initializeBean(AbstractAutowireCapableBeanFactory.java:1751) ~[spring-beans-6.0.4.jar:6.0.4]
	at org.springframework.beans.factory.support.AbstractAutowireCapableBeanFactory.doCreateBean(AbstractAutowireCapableBeanFactory.java:599) ~[spring-beans-6.0.4.jar:6.0.4]
	at org.springframework.beans.factory.support.AbstractAutowireCapableBeanFactory.createBean(AbstractAutowireCapableBeanFactory.java:521) ~[spring-beans-6.0.4.jar:6.0.4]
	at org.springframework.beans.factory.support.AbstractBeanFactory.lambda$doGetBean$0(AbstractBeanFactory.java:326) ~[spring-beans-6.0.4.jar:6.0.4]
	at org.springframework.beans.factory.support.DefaultSingletonBeanRegistry.getSingleton(DefaultSingletonBeanRegistry.java:234) ~[spring-beans-6.0.4.jar:6.0.4]
	at org.springframework.beans.factory.support.AbstractBeanFactory.doGetBean(AbstractBeanFactory.java:324) ~[spring-beans-6.0.4.jar:6.0.4]
	at org.springframework.beans.factory.support.AbstractBeanFactory.getBean(AbstractBeanFactory.java:200) ~[spring-beans-6.0.4.jar:6.0.4]
	at org.springframework.beans.factory.config.DependencyDescriptor.resolveCandidate(DependencyDescriptor.java:254) ~[spring-beans-6.0.4.jar:6.0.4]
	at org.springframework.beans.factory.support.DefaultListableBeanFactory.doResolveDependency(DefaultListableBeanFactory.java:1405) ~[spring-beans-6.0.4.jar:6.0.4]
	at org.springframework.beans.factory.support.DefaultListableBeanFactory.resolveDependency(DefaultListableBeanFactory.java:1325) ~[spring-beans-6.0.4.jar:6.0.4]
	at org.springframework.beans.factory.support.ConstructorResolver.resolveAutowiredArgument(ConstructorResolver.java:885) ~[spring-beans-6.0.4.jar:6.0.4]
	at org.springframework.beans.factory.support.ConstructorResolver.createArgumentArray(ConstructorResolver.java:789) ~[spring-beans-6.0.4.jar:6.0.4]
	... 33 common frames omitted
Caused by: org.springframework.data.repository.query.QueryCreationException: Could not create query for public abstract lit.unichristus.edu.br.mssupportequipments.models.SupportEquipmentModel lit.unichristus.edu.br.mssupportequipments.repositories.SupportEquipmentRepository.findFirstByCampusAndSituationAndBookedUntilBefore(java.util.UUID,lit.unichristus.edu.br.mssupportequipments.enums.SituationEnum,java.util.Date); Reason: Failed to create query for method public abstract lit.unichristus.edu.br.mssupportequipments.models.SupportEquipmentModel lit.unichristus.edu.br.mssupportequipments.repositories.SupportEquipmentRepository.findFirstByCampusAndSituationAndBookedUntilBefore(java.util.UUID,lit.unichristus.edu.br.mssupportequipments.enums.SituationEnum,java.util.Date); No property 'bookedUntil' found for type 'SupportEquipmentModel'
	at org.springframework.data.repository.query.QueryCreationException.create(QueryCreationException.java:101) ~[spring-data-commons-3.0.1.jar:3.0.1]
	at org.springframework.data.repository.core.support.QueryExecutorMethodInterceptor.lookupQuery(QueryExecutorMethodInterceptor.java:115) ~[spring-data-commons-3.0.1.jar:3.0.1]
	at org.springframework.data.repository.core.support.QueryExecutorMethodInterceptor.mapMethodsToQuery(QueryExecutorMethodInterceptor.java:99) ~[spring-data-commons-3.0.1.jar:3.0.1]
	at org.springframework.data.repository.core.support.QueryExecutorMethodInterceptor.lambda$new$0(QueryExecutorMethodInterceptor.java:88) ~[spring-data-commons-3.0.1.jar:3.0.1]
	at java.base/java.util.Optional.map(Optional.java:260) ~[na:na]
	at org.springframework.data.repository.core.support.QueryExecutorMethodInterceptor.<init>(QueryExecutorMethodInterceptor.java:88) ~[spring-data-commons-3.0.1.jar:3.0.1]
	at org.springframework.data.repository.core.support.RepositoryFactorySupport.getRepository(RepositoryFactorySupport.java:357) ~[spring-data-commons-3.0.1.jar:3.0.1]
	at org.springframework.data.repository.core.support.RepositoryFactoryBeanSupport.lambda$afterPropertiesSet$5(RepositoryFactoryBeanSupport.java:279) ~[spring-data-commons-3.0.1.jar:3.0.1]
	at org.springframework.data.util.Lazy.getNullable(Lazy.java:245) ~[spring-data-commons-3.0.1.jar:3.0.1]
	at org.springframework.data.util.Lazy.get(Lazy.java:114) ~[spring-data-commons-3.0.1.jar:3.0.1]
	at org.springframework.data.repository.core.support.RepositoryFactoryBeanSupport.afterPropertiesSet(RepositoryFactoryBeanSupport.java:285) ~[spring-data-commons-3.0.1.jar:3.0.1]
	at org.springframework.data.jpa.repository.support.JpaRepositoryFactoryBean.afterPropertiesSet(JpaRepositoryFactoryBean.java:132) ~[spring-data-jpa-3.0.1.jar:3.0.1]
	at org.springframework.beans.factory.support.AbstractAutowireCapableBeanFactory.invokeInitMethods(AbstractAutowireCapableBeanFactory.java:1797) ~[spring-beans-6.0.4.jar:6.0.4]
	at org.springframework.beans.factory.support.AbstractAutowireCapableBeanFactory.initializeBean(AbstractAutowireCapableBeanFactory.java:1747) ~[spring-beans-6.0.4.jar:6.0.4]
	... 44 common frames omitted
Caused by: java.lang.IllegalArgumentException: Failed to create query for method public abstract lit.unichristus.edu.br.mssupportequipments.models.SupportEquipmentModel lit.unichristus.edu.br.mssupportequipments.repositories.SupportEquipmentRepository.findFirstByCampusAndSituationAndBookedUntilBefore(java.util.UUID,lit.unichristus.edu.br.mssupportequipments.enums.SituationEnum,java.util.Date); No property 'bookedUntil' found for type 'SupportEquipmentModel'
	at org.springframework.data.jpa.repository.query.PartTreeJpaQuery.<init>(PartTreeJpaQuery.java:96) ~[spring-data-jpa-3.0.1.jar:3.0.1]
	at org.springframework.data.jpa.repository.query.JpaQueryLookupStrategy$CreateQueryLookupStrategy.resolveQuery(JpaQueryLookupStrategy.java:124) ~[spring-data-jpa-3.0.1.jar:3.0.1]
	at org.springframework.data.jpa.repository.query.JpaQueryLookupStrategy$CreateIfNotFoundQueryLookupStrategy.resolveQuery(JpaQueryLookupStrategy.java:258) ~[spring-data-jpa-3.0.1.jar:3.0.1]
	at org.springframework.data.jpa.repository.query.JpaQueryLookupStrategy$AbstractQueryLookupStrategy.resolveQuery(JpaQueryLookupStrategy.java:95) ~[spring-data-jpa-3.0.1.jar:3.0.1]
	at org.springframework.data.repository.core.support.QueryExecutorMethodInterceptor.lookupQuery(QueryExecutorMethodInterceptor.java:111) ~[spring-data-commons-3.0.1.jar:3.0.1]
	... 56 common frames omitted
Caused by: org.springframework.data.mapping.PropertyReferenceException: No property 'bookedUntil' found for type 'SupportEquipmentModel'
	at org.springframework.data.mapping.PropertyPath.<init>(PropertyPath.java:90) ~[spring-data-commons-3.0.1.jar:3.0.1]
	at org.springframework.data.mapping.PropertyPath.create(PropertyPath.java:423) ~[spring-data-commons-3.0.1.jar:3.0.1]
	at org.springframework.data.mapping.PropertyPath.create(PropertyPath.java:399) ~[spring-data-commons-3.0.1.jar:3.0.1]
	at org.springframework.data.mapping.PropertyPath.lambda$from$0(PropertyPath.java:352) ~[spring-data-commons-3.0.1.jar:3.0.1]
	at java.base/java.util.concurrent.ConcurrentMap.computeIfAbsent(ConcurrentMap.java:330) ~[na:na]
	at org.springframework.data.mapping.PropertyPath.from(PropertyPath.java:334) ~[spring-data-commons-3.0.1.jar:3.0.1]
	at org.springframework.data.mapping.PropertyPath.from(PropertyPath.java:317) ~[spring-data-commons-3.0.1.jar:3.0.1]
	at org.springframework.data.repository.query.parser.Part.<init>(Part.java:81) ~[spring-data-commons-3.0.1.jar:3.0.1]
	at org.springframework.data.repository.query.parser.PartTree$OrPart.lambda$new$0(PartTree.java:242) ~[spring-data-commons-3.0.1.jar:3.0.1]
	at java.base/java.util.stream.ReferencePipeline$3$1.accept(ReferencePipeline.java:197) ~[na:na]
	at java.base/java.util.stream.ReferencePipeline$2$1.accept(ReferencePipeline.java:179) ~[na:na]
	at java.base/java.util.Spliterators$ArraySpliterator.forEachRemaining(Spliterators.java:992) ~[na:na]
	at java.base/java.util.stream.AbstractPipeline.copyInto(AbstractPipeline.java:509) ~[na:na]
	at java.base/java.util.stream.AbstractPipeline.wrapAndCopyInto(AbstractPipeline.java:499) ~[na:na]
	at java.base/java.util.stream.ReduceOps$ReduceOp.evaluateSequential(ReduceOps.java:921) ~[na:na]
	at java.base/java.util.stream.AbstractPipeline.evaluate(AbstractPipeline.java:234) ~[na:na]
	at java.base/java.util.stream.ReferencePipeline.collect(ReferencePipeline.java:682) ~[na:na]
	at org.springframework.data.repository.query.parser.PartTree$OrPart.<init>(PartTree.java:243) ~[spring-data-commons-3.0.1.jar:3.0.1]
	at org.springframework.data.repository.query.parser.PartTree$Predicate.lambda$new$0(PartTree.java:372) ~[spring-data-commons-3.0.1.jar:3.0.1]
	at java.base/java.util.stream.ReferencePipeline$3$1.accept(ReferencePipeline.java:197) ~[na:na]
	at java.base/java.util.stream.ReferencePipeline$2$1.accept(ReferencePipeline.java:179) ~[na:na]
	at java.base/java.util.Spliterators$ArraySpliterator.forEachRemaining(Spliterators.java:992) ~[na:na]
	at java.base/java.util.stream.AbstractPipeline.copyInto(AbstractPipeline.java:509) ~[na:na]
	at java.base/java.util.stream.AbstractPipeline.wrapAndCopyInto(AbstractPipeline.java:499) ~[na:na]
	at java.base/java.util.stream.ReduceOps$ReduceOp.evaluateSequential(ReduceOps.java:921) ~[na:na]
	at java.base/java.util.stream.AbstractPipeline.evaluate(AbstractPipeline.java:234) ~[na:na]
	at java.base/java.util.stream.ReferencePipeline.collect(ReferencePipeline.java:682) ~[na:na]
	at org.springframework.data.repository.query.parser.PartTree$Predicate.<init>(PartTree.java:373) ~[spring-data-commons-3.0.1.jar:3.0.1]
	at org.springframework.data.repository.query.parser.PartTree.<init>(PartTree.java:96) ~[spring-data-commons-3.0.1.jar:3.0.1]
	at org.springframework.data.jpa.repository.query.PartTreeJpaQuery.<init>(PartTreeJpaQuery.java:89) ~[spring-data-jpa-3.0.1.jar:3.0.1]
	... 60 common frames omitted

2023-07-21T16:26:51.187-03:00  INFO 798806 --- [main] c.c.c.ConfigServicePropertySourceLocator : Fetching config from server at : http://localhost:8888
2023-07-21T16:26:51.313-03:00  INFO 798806 --- [main] c.c.c.ConfigServicePropertySourceLocator : Exception on Url - http://localhost:8888:org.springframework.web.client.ResourceAccessException: I/O error on GET request for "http://localhost:8888/mssupportequipments/default": Conexão recusada. Will be trying the next url if available
2023-07-21T16:26:51.313-03:00  WARN 798806 --- [main] c.c.c.ConfigServicePropertySourceLocator : Could not locate PropertySource: I/O error on GET request for "http://localhost:8888/mssupportequipments/default": Conexão recusada
2023-07-21T16:26:51.320-03:00  INFO 798806 --- [main] l.u.e.b.m.MsSupportEquipmentsApplication : No active profile set, falling back to 1 default profile: "default"
2023-07-21T16:26:53.063-03:00  INFO 798806 --- [main] .s.d.r.c.RepositoryConfigurationDelegate : Bootstrapping Spring Data JPA repositories in DEFAULT mode.
2023-07-21T16:26:53.224-03:00  INFO 798806 --- [main] .s.d.r.c.RepositoryConfigurationDelegate : Finished Spring Data repository scanning in 150 ms. Found 1 JPA repository interfaces.
2023-07-21T16:26:53.674-03:00  INFO 798806 --- [main] o.s.cloud.context.scope.GenericScope     : BeanFactory id=3b415cfe-36fe-3fe1-91b3-1eb843dd2fc4
2023-07-21T16:26:53.807-03:00  INFO 798806 --- [main] trationDelegate$BeanPostProcessorChecker : Bean 'lit.unichristus.edu.br.mssupportequipments.clients.CampusClient' of type [org.springframework.cloud.openfeign.FeignClientFactoryBean] is not eligible for getting processed by all BeanPostProcessors (for example: not eligible for auto-proxying)
2023-07-21T16:26:53.986-03:00 ERROR 798806 --- [main] o.a.catalina.core.AprLifecycleListener   : An incompatible version [1.2.31] of the Apache Tomcat Native library is installed, while Tomcat requires version [1.2.34]
2023-07-21T16:26:54.329-03:00  INFO 798806 --- [main] o.s.b.w.embedded.tomcat.TomcatWebServer  : Tomcat initialized with port(s): 0 (http)
2023-07-21T16:26:54.342-03:00  INFO 798806 --- [main] o.apache.catalina.core.StandardService   : Starting service [Tomcat]
2023-07-21T16:26:54.343-03:00  INFO 798806 --- [main] o.apache.catalina.core.StandardEngine    : Starting Servlet engine: [Apache Tomcat/10.1.5]
2023-07-21T16:26:54.473-03:00  INFO 798806 --- [main] o.a.c.c.C.[Tomcat].[localhost].[/]       : Initializing Spring embedded WebApplicationContext
2023-07-21T16:26:54.474-03:00  INFO 798806 --- [main] w.s.c.ServletWebServerApplicationContext : Root WebApplicationContext: initialization completed in 3117 ms
2023-07-21T16:26:54.904-03:00  INFO 798806 --- [main] o.hibernate.jpa.internal.util.LogHelper  : HHH000204: Processing PersistenceUnitInfo [name: default]
2023-07-21T16:26:54.953-03:00  INFO 798806 --- [main] org.hibernate.Version                    : HHH000412: Hibernate ORM core version 6.1.6.Final
2023-07-21T16:26:55.180-03:00  WARN 798806 --- [main] org.hibernate.orm.deprecation            : HHH90000021: Encountered deprecated setting [javax.persistence.sharedCache.mode], use [jakarta.persistence.sharedCache.mode] instead
2023-07-21T16:26:55.329-03:00  INFO 798806 --- [main] com.zaxxer.hikari.HikariDataSource       : HikariPool-1 - Starting...
2023-07-21T16:26:55.722-03:00  INFO 798806 --- [main] com.zaxxer.hikari.pool.HikariPool        : HikariPool-1 - Added connection org.postgresql.jdbc.PgConnection@3d405fe5
2023-07-21T16:26:55.724-03:00  INFO 798806 --- [main] com.zaxxer.hikari.HikariDataSource       : HikariPool-1 - Start completed.
2023-07-21T16:26:55.786-03:00  INFO 798806 --- [main] SQL dialect                              : HHH000400: Using dialect: org.hibernate.dialect.PostgreSQLDialect
2023-07-21T16:26:56.851-03:00  INFO 798806 --- [main] o.h.e.t.j.p.i.JtaPlatformInitiator       : HHH000490: Using JtaPlatform implementation: [org.hibernate.engine.transaction.jta.platform.internal.NoJtaPlatform]
2023-07-21T16:26:56.860-03:00  INFO 798806 --- [main] j.LocalContainerEntityManagerFactoryBean : Initialized JPA EntityManagerFactory for persistence unit 'default'
2023-07-21T16:26:57.494-03:00  WARN 798806 --- [main] JpaBaseConfiguration$JpaWebConfiguration : spring.jpa.open-in-view is enabled by default. Therefore, database queries may be performed during view rendering. Explicitly configure spring.jpa.open-in-view to disable this warning
2023-07-21T16:26:59.878-03:00  INFO 798806 --- [main] DiscoveryClientOptionalArgsConfiguration : Eureka HTTP Client uses RestTemplate.
2023-07-21T16:26:59.948-03:00  WARN 798806 --- [main] iguration$LoadBalancerCaffeineWarnLogger : Spring Cloud LoadBalancer is currently working with the default cache. While this cache implementation is useful for development and tests, it's recommended to use Caffeine cache in production.You can switch to using Caffeine cache, by adding it and org.springframework.cache.caffeine.CaffeineCacheManager to the classpath.
2023-07-21T16:26:59.984-03:00  INFO 798806 --- [main] o.s.b.a.e.web.EndpointLinksResolver      : Exposing 17 endpoint(s) beneath base path '/actuator'
2023-07-21T16:27:00.118-03:00  INFO 798806 --- [main] o.s.b.w.embedded.tomcat.TomcatWebServer  : Tomcat started on port(s): 44745 (http) with context path ''
2023-07-21T16:27:00.120-03:00  INFO 798806 --- [main] .s.c.n.e.s.EurekaAutoServiceRegistration : Updating port to 44745
2023-07-21T16:27:00.125-03:00  INFO 798806 --- [main] o.s.c.n.eureka.InstanceInfoFactory       : Setting initial instance status as: STARTING
2023-07-21T16:27:00.215-03:00  INFO 798806 --- [main] com.netflix.discovery.DiscoveryClient    : Initializing Eureka in region us-east-1
2023-07-21T16:27:00.220-03:00  INFO 798806 --- [main] c.n.d.s.r.aws.ConfigClusterResolver      : Resolving eureka endpoints via configuration
2023-07-21T16:27:00.270-03:00  INFO 798806 --- [main] com.netflix.discovery.DiscoveryClient    : Disable delta property : false
2023-07-21T16:27:00.274-03:00  INFO 798806 --- [main] com.netflix.discovery.DiscoveryClient    : Single vip registry refresh property : null
2023-07-21T16:27:00.274-03:00  INFO 798806 --- [main] com.netflix.discovery.DiscoveryClient    : Force full registry fetch : false
2023-07-21T16:27:00.274-03:00  INFO 798806 --- [main] com.netflix.discovery.DiscoveryClient    : Application is null : false
2023-07-21T16:27:00.274-03:00  INFO 798806 --- [main] com.netflix.discovery.DiscoveryClient    : Registered Applications size is zero : true
2023-07-21T16:27:00.274-03:00  INFO 798806 --- [main] com.netflix.discovery.DiscoveryClient    : Application version is -1: true
2023-07-21T16:27:00.274-03:00  INFO 798806 --- [main] com.netflix.discovery.DiscoveryClient    : Getting all instance registry info from the eureka server
2023-07-21T16:27:00.813-03:00  INFO 798806 --- [main] com.netflix.discovery.DiscoveryClient    : The response status is 200
2023-07-21T16:27:00.820-03:00  INFO 798806 --- [main] com.netflix.discovery.DiscoveryClient    : Starting heartbeat executor: renew interval is: 30
2023-07-21T16:27:00.825-03:00  INFO 798806 --- [main] c.n.discovery.InstanceInfoReplicator     : InstanceInfoReplicator onDemand update allowed rate per min is 4
2023-07-21T16:27:00.833-03:00  INFO 798806 --- [main] com.netflix.discovery.DiscoveryClient    : Discovery Client initialized at timestamp 1689967620831 with initial instances count: 1
2023-07-21T16:27:00.838-03:00  INFO 798806 --- [main] o.s.c.n.e.s.EurekaServiceRegistry        : Registering application MSSUPPORTEQUIPMENTS with eureka with status UP
2023-07-21T16:27:00.839-03:00  INFO 798806 --- [main] com.netflix.discovery.DiscoveryClient    : Saw local status change event StatusChangeEvent [timestamp=1689967620839, current=UP, previous=STARTING]
2023-07-21T16:27:00.841-03:00  INFO 798806 --- [DiscoveryClient-InstanceInfoReplicator-0] com.netflix.discovery.DiscoveryClient    : DiscoveryClient_MSSUPPORTEQUIPMENTS/192.168.43.202:mssupportequipments:a628c15144f3f1b843a11078cdff4141: registering service...
2023-07-21T16:27:00.936-03:00  INFO 798806 --- [main] l.u.e.b.m.MsSupportEquipmentsApplication : Started MsSupportEquipmentsApplication in 11.732 seconds (process running for 12.379)
2023-07-21T16:27:01.105-03:00  INFO 798806 --- [DiscoveryClient-InstanceInfoReplicator-0] com.netflix.discovery.DiscoveryClient    : DiscoveryClient_MSSUPPORTEQUIPMENTS/192.168.43.202:mssupportequipments:a628c15144f3f1b843a11078cdff4141 - registration status: 204
2023-07-21T16:32:00.278-03:00  INFO 798806 --- [AsyncResolver-bootstrap-executor-0] c.n.d.s.r.aws.ConfigClusterResolver      : Resolving eureka endpoints via configuration
2023-07-21T16:33:04.043-03:00  INFO 798806 --- [http-nio-auto-1-exec-1] o.a.c.c.C.[Tomcat].[localhost].[/]       : Initializing Spring DispatcherServlet 'dispatcherServlet'
2023-07-21T16:33:04.043-03:00  INFO 798806 --- [http-nio-auto-1-exec-1] o.s.web.servlet.DispatcherServlet        : Initializing Servlet 'dispatcherServlet'
2023-07-21T16:33:04.051-03:00  INFO 798806 --- [http-nio-auto-1-exec-1] o.s.web.servlet.DispatcherServlet        : Completed initialization in 8 ms
2023-07-21T16:33:04.254-03:00 ERROR 798806 --- [http-nio-auto-1-exec-1] o.a.c.c.C.[.[.[/].[dispatcherServlet]    : Servlet.service() for servlet [dispatcherServlet] in context with path [] threw exception [Request processing failed: org.springframework.dao.IncorrectResultSizeDataAccessException: query did not return a unique result: 3] with root cause

jakarta.persistence.NonUniqueResultException: query did not return a unique result: 3
	at org.hibernate.internal.ExceptionConverterImpl.convert(ExceptionConverterImpl.java:128) ~[hibernate-core-6.1.6.Final.jar:6.1.6.Final]
	at org.hibernate.query.spi.AbstractSelectionQuery.getSingleResult(AbstractSelectionQuery.java:466) ~[hibernate-core-6.1.6.Final.jar:6.1.6.Final]
	at org.hibernate.query.sqm.internal.QuerySqmImpl.getSingleResult(QuerySqmImpl.java:1103) ~[hibernate-core-6.1.6.Final.jar:6.1.6.Final]
	at org.springframework.data.jpa.repository.query.JpaQueryExecution$SingleEntityExecution.doExecute(JpaQueryExecution.java:193) ~[spring-data-jpa-3.0.1.jar:3.0.1]
	at org.springframework.data.jpa.repository.query.JpaQueryExecution.execute(JpaQueryExecution.java:90) ~[spring-data-jpa-3.0.1.jar:3.0.1]
	at org.springframework.data.jpa.repository.query.AbstractJpaQuery.doExecute(AbstractJpaQuery.java:148) ~[spring-data-jpa-3.0.1.jar:3.0.1]
	at org.springframework.data.jpa.repository.query.AbstractJpaQuery.execute(AbstractJpaQuery.java:136) ~[spring-data-jpa-3.0.1.jar:3.0.1]
	at org.springframework.data.repository.core.support.RepositoryMethodInvoker.doInvoke(RepositoryMethodInvoker.java:136) ~[spring-data-commons-3.0.1.jar:3.0.1]
	at org.springframework.data.repository.core.support.RepositoryMethodInvoker.invoke(RepositoryMethodInvoker.java:120) ~[spring-data-commons-3.0.1.jar:3.0.1]
	at org.springframework.data.repository.core.support.QueryExecutorMethodInterceptor.doInvoke(QueryExecutorMethodInterceptor.java:164) ~[spring-data-commons-3.0.1.jar:3.0.1]
	at org.springframework.data.repository.core.support.QueryExecutorMethodInterceptor.invoke(QueryExecutorMethodInterceptor.java:143) ~[spring-data-commons-3.0.1.jar:3.0.1]
	at org.springframework.aop.framework.ReflectiveMethodInvocation.proceed(ReflectiveMethodInvocation.java:184) ~[spring-aop-6.0.4.jar:6.0.4]
	at org.springframework.data.projection.DefaultMethodInvokingMethodInterceptor.invoke(DefaultMethodInvokingMethodInterceptor.java:77) ~[spring-data-commons-3.0.1.jar:3.0.1]
	at org.springframework.aop.framework.ReflectiveMethodInvocation.proceed(ReflectiveMethodInvocation.java:184) ~[spring-aop-6.0.4.jar:6.0.4]
	at org.springframework.transaction.interceptor.TransactionInterceptor$1.proceedWithInvocation(TransactionInterceptor.java:123) ~[spring-tx-6.0.4.jar:6.0.4]
	at org.springframework.transaction.interceptor.TransactionAspectSupport.invokeWithinTransaction(TransactionAspectSupport.java:388) ~[spring-tx-6.0.4.jar:6.0.4]
	at org.springframework.transaction.interceptor.TransactionInterceptor.invoke(TransactionInterceptor.java:119) ~[spring-tx-6.0.4.jar:6.0.4]
	at org.springframework.aop.framework.ReflectiveMethodInvocation.proceed(ReflectiveMethodInvocation.java:184) ~[spring-aop-6.0.4.jar:6.0.4]
	at org.springframework.dao.support.PersistenceExceptionTranslationInterceptor.invoke(PersistenceExceptionTranslationInterceptor.java:137) ~[spring-tx-6.0.4.jar:6.0.4]
	at org.springframework.aop.framework.ReflectiveMethodInvocation.proceed(ReflectiveMethodInvocation.java:184) ~[spring-aop-6.0.4.jar:6.0.4]
	at org.springframework.data.jpa.repository.support.CrudMethodMetadataPostProcessor$CrudMethodMetadataPopulatingMethodInterceptor.invoke(CrudMethodMetadataPostProcessor.java:134) ~[spring-data-jpa-3.0.1.jar:3.0.1]
	at org.springframework.aop.framework.ReflectiveMethodInvocation.proceed(ReflectiveMethodInvocation.java:184) ~[spring-aop-6.0.4.jar:6.0.4]
	at org.springframework.aop.interceptor.ExposeInvocationInterceptor.invoke(ExposeInvocationInterceptor.java:97) ~[spring-aop-6.0.4.jar:6.0.4]
	at org.springframework.aop.framework.ReflectiveMethodInvocation.proceed(ReflectiveMethodInvocation.java:184) ~[spring-aop-6.0.4.jar:6.0.4]
	at org.springframework.aop.framework.JdkDynamicAopProxy.invoke(JdkDynamicAopProxy.java:218) ~[spring-aop-6.0.4.jar:6.0.4]
	at jdk.proxy2/jdk.proxy2.$Proxy157.findByReserveRoomId(Unknown Source) ~[na:na]
	at lit.unichristus.edu.br.mssupportequipments.services.SupportEquipmentService.getAllocatedEquipments(SupportEquipmentService.java:75) ~[classes/:na]
	at java.base/jdk.internal.reflect.NativeMethodAccessorImpl.invoke0(Native Method) ~[na:na]
	at java.base/jdk.internal.reflect.NativeMethodAccessorImpl.invoke(NativeMethodAccessorImpl.java:77) ~[na:na]
	at java.base/jdk.internal.reflect.DelegatingMethodAccessorImpl.invoke(DelegatingMethodAccessorImpl.java:43) ~[na:na]
	at java.base/java.lang.reflect.Method.invoke(Method.java:568) ~[na:na]
	at org.springframework.aop.support.AopUtils.invokeJoinpointUsingReflection(AopUtils.java:343) ~[spring-aop-6.0.4.jar:6.0.4]
	at org.springframework.aop.framework.CglibAopProxy$DynamicAdvisedInterceptor.intercept(CglibAopProxy.java:699) ~[spring-aop-6.0.4.jar:6.0.4]
	at lit.unichristus.edu.br.mssupportequipments.services.SupportEquipmentService$$SpringCGLIB$$0.getAllocatedEquipments(<generated>) ~[classes/:na]
	at lit.unichristus.edu.br.mssupportequipments.controllers.SupportEquipmentController.getAllocatedEquipment(SupportEquipmentController.java:47) ~[classes/:na]
	at java.base/jdk.internal.reflect.NativeMethodAccessorImpl.invoke0(Native Method) ~[na:na]
	at java.base/jdk.internal.reflect.NativeMethodAccessorImpl.invoke(NativeMethodAccessorImpl.java:77) ~[na:na]
	at java.base/jdk.internal.reflect.DelegatingMethodAccessorImpl.invoke(DelegatingMethodAccessorImpl.java:43) ~[na:na]
	at java.base/java.lang.reflect.Method.invoke(Method.java:568) ~[na:na]
	at org.springframework.web.method.support.InvocableHandlerMethod.doInvoke(InvocableHandlerMethod.java:207) ~[spring-web-6.0.4.jar:6.0.4]
	at org.springframework.web.method.support.InvocableHandlerMethod.invokeForRequest(InvocableHandlerMethod.java:152) ~[spring-web-6.0.4.jar:6.0.4]
	at org.springframework.web.servlet.mvc.method.annotation.ServletInvocableHandlerMethod.invokeAndHandle(ServletInvocableHandlerMethod.java:117) ~[spring-webmvc-6.0.4.jar:6.0.4]
	at org.springframework.web.servlet.mvc.method.annotation.RequestMappingHandlerAdapter.invokeHandlerMethod(RequestMappingHandlerAdapter.java:884) ~[spring-webmvc-6.0.4.jar:6.0.4]
	at org.springframework.web.servlet.mvc.method.annotation.RequestMappingHandlerAdapter.handleInternal(RequestMappingHandlerAdapter.java:797) ~[spring-webmvc-6.0.4.jar:6.0.4]
	at org.springframework.web.servlet.mvc.method.AbstractHandlerMethodAdapter.handle(AbstractHandlerMethodAdapter.java:87) ~[spring-webmvc-6.0.4.jar:6.0.4]
	at org.springframework.web.servlet.DispatcherServlet.doDispatch(DispatcherServlet.java:1080) ~[spring-webmvc-6.0.4.jar:6.0.4]
	at org.springframework.web.servlet.DispatcherServlet.doService(DispatcherServlet.java:973) ~[spring-webmvc-6.0.4.jar:6.0.4]
	at org.springframework.web.servlet.FrameworkServlet.processRequest(FrameworkServlet.java:1011) ~[spring-webmvc-6.0.4.jar:6.0.4]
	at org.springframework.web.servlet.FrameworkServlet.doGet(FrameworkServlet.java:903) ~[spring-webmvc-6.0.4.jar:6.0.4]
	at jakarta.servlet.http.HttpServlet.service(HttpServlet.java:527) ~[jakarta.servlet-api-6.0.0.jar:6.0.0]
	at org.springframework.web.servlet.FrameworkServlet.service(FrameworkServlet.java:885) ~[spring-webmvc-6.0.4.jar:6.0.4]
	at jakarta.servlet.http.HttpServlet.service(HttpServlet.java:614) ~[jakarta.servlet-api-6.0.0.jar:6.0.0]
	at org.apache.catalina.core.ApplicationFilterChain.internalDoFilter(ApplicationFilterChain.java:223) ~[tomcat-embed-core-10.1.5.jar:10.1.5]
	at org.apache.catalina.core.ApplicationFilterChain.doFilter(ApplicationFilterChain.java:158) ~[tomcat-embed-core-10.1.5.jar:10.1.5]
	at org.apache.tomcat.websocket.server.WsFilter.doFilter(WsFilter.java:53) ~[tomcat-embed-websocket-10.1.5.jar:10.1.5]
	at org.apache.catalina.core.ApplicationFilterChain.internalDoFilter(ApplicationFilterChain.java:185) ~[tomcat-embed-core-10.1.5.jar:10.1.5]
	at org.apache.catalina.core.ApplicationFilterChain.doFilter(ApplicationFilterChain.java:158) ~[tomcat-embed-core-10.1.5.jar:10.1.5]
	at org.springframework.web.filter.RequestContextFilter.doFilterInternal(RequestContextFilter.java:100) ~[spring-web-6.0.4.jar:6.0.4]
	at org.springframework.web.filter.OncePerRequestFilter.doFilter(OncePerRequestFilter.java:116) ~[spring-web-6.0.4.jar:6.0.4]
	at org.apache.catalina.core.ApplicationFilterChain.internalDoFilter(ApplicationFilterChain.java:185) ~[tomcat-embed-core-10.1.5.jar:10.1.5]
	at org.apache.catalina.core.ApplicationFilterChain.doFilter(ApplicationFilterChain.java:158) ~[tomcat-embed-core-10.1.5.jar:10.1.5]
	at org.springframework.web.filter.FormContentFilter.doFilterInternal(FormContentFilter.java:93) ~[spring-web-6.0.4.jar:6.0.4]
	at org.springframework.web.filter.OncePerRequestFilter.doFilter(OncePerRequestFilter.java:116) ~[spring-web-6.0.4.jar:6.0.4]
	at org.apache.catalina.core.ApplicationFilterChain.internalDoFilter(ApplicationFilterChain.java:185) ~[tomcat-embed-core-10.1.5.jar:10.1.5]
	at org.apache.catalina.core.ApplicationFilterChain.doFilter(ApplicationFilterChain.java:158) ~[tomcat-embed-core-10.1.5.jar:10.1.5]
	at org.springframework.web.filter.ServerHttpObservationFilter.doFilterInternal(ServerHttpObservationFilter.java:109) ~[spring-web-6.0.4.jar:6.0.4]
	at org.springframework.web.filter.OncePerRequestFilter.doFilter(OncePerRequestFilter.java:116) ~[spring-web-6.0.4.jar:6.0.4]
	at org.apache.catalina.core.ApplicationFilterChain.internalDoFilter(ApplicationFilterChain.java:185) ~[tomcat-embed-core-10.1.5.jar:10.1.5]
	at org.apache.catalina.core.ApplicationFilterChain.doFilter(ApplicationFilterChain.java:158) ~[tomcat-embed-core-10.1.5.jar:10.1.5]
	at org.springframework.web.filter.CharacterEncodingFilter.doFilterInternal(CharacterEncodingFilter.java:201) ~[spring-web-6.0.4.jar:6.0.4]
	at org.springframework.web.filter.OncePerRequestFilter.doFilter(OncePerRequestFilter.java:116) ~[spring-web-6.0.4.jar:6.0.4]
	at org.apache.catalina.core.ApplicationFilterChain.internalDoFilter(ApplicationFilterChain.java:185) ~[tomcat-embed-core-10.1.5.jar:10.1.5]
	at org.apache.catalina.core.ApplicationFilterChain.doFilter(ApplicationFilterChain.java:158) ~[tomcat-embed-core-10.1.5.jar:10.1.5]
	at org.apache.catalina.core.StandardWrapperValve.invoke(StandardWrapperValve.java:177) ~[tomcat-embed-core-10.1.5.jar:10.1.5]
	at org.apache.catalina.core.StandardContextValve.invoke(StandardContextValve.java:97) ~[tomcat-embed-core-10.1.5.jar:10.1.5]
	at org.apache.catalina.authenticator.AuthenticatorBase.invoke(AuthenticatorBase.java:542) ~[tomcat-embed-core-10.1.5.jar:10.1.5]
	at org.apache.catalina.core.StandardHostValve.invoke(StandardHostValve.java:119) ~[tomcat-embed-core-10.1.5.jar:10.1.5]
	at org.apache.catalina.valves.ErrorReportValve.invoke(ErrorReportValve.java:92) ~[tomcat-embed-core-10.1.5.jar:10.1.5]
	at org.apache.catalina.core.StandardEngineValve.invoke(StandardEngineValve.java:78) ~[tomcat-embed-core-10.1.5.jar:10.1.5]
	at org.apache.catalina.connector.CoyoteAdapter.service(CoyoteAdapter.java:357) ~[tomcat-embed-core-10.1.5.jar:10.1.5]
	at org.apache.coyote.http11.Http11Processor.service(Http11Processor.java:400) ~[tomcat-embed-core-10.1.5.jar:10.1.5]
	at org.apache.coyote.AbstractProcessorLight.process(AbstractProcessorLight.java:65) ~[tomcat-embed-core-10.1.5.jar:10.1.5]
	at org.apache.coyote.AbstractProtocol$ConnectionHandler.process(AbstractProtocol.java:859) ~[tomcat-embed-core-10.1.5.jar:10.1.5]
	at org.apache.tomcat.util.net.NioEndpoint$SocketProcessor.doRun(NioEndpoint.java:1734) ~[tomcat-embed-core-10.1.5.jar:10.1.5]
	at org.apache.tomcat.util.net.SocketProcessorBase.run(SocketProcessorBase.java:52) ~[tomcat-embed-core-10.1.5.jar:10.1.5]
	at org.apache.tomcat.util.threads.ThreadPoolExecutor.runWorker(ThreadPoolExecutor.java:1191) ~[tomcat-embed-core-10.1.5.jar:10.1.5]
	at org.apache.tomcat.util.threads.ThreadPoolExecutor$Worker.run(ThreadPoolExecutor.java:659) ~[tomcat-embed-core-10.1.5.jar:10.1.5]
	at org.apache.tomcat.util.threads.TaskThread$WrappingRunnable.run(TaskThread.java:61) ~[tomcat-embed-core-10.1.5.jar:10.1.5]
	at java.base/java.lang.Thread.run(Thread.java:833) ~[na:na]

2023-07-21T16:33:18.379-03:00 ERROR 798806 --- [http-nio-auto-1-exec-2] o.a.c.c.C.[.[.[/].[dispatcherServlet]    : Servlet.service() for servlet [dispatcherServlet] in context with path [] threw exception [Request processing failed: org.springframework.dao.IncorrectResultSizeDataAccessException: query did not return a unique result: 3] with root cause

jakarta.persistence.NonUniqueResultException: query did not return a unique result: 3
	at org.hibernate.internal.ExceptionConverterImpl.convert(ExceptionConverterImpl.java:128) ~[hibernate-core-6.1.6.Final.jar:6.1.6.Final]
	at org.hibernate.query.spi.AbstractSelectionQuery.getSingleResult(AbstractSelectionQuery.java:466) ~[hibernate-core-6.1.6.Final.jar:6.1.6.Final]
	at org.hibernate.query.sqm.internal.QuerySqmImpl.getSingleResult(QuerySqmImpl.java:1103) ~[hibernate-core-6.1.6.Final.jar:6.1.6.Final]
	at org.springframework.data.jpa.repository.query.JpaQueryExecution$SingleEntityExecution.doExecute(JpaQueryExecution.java:193) ~[spring-data-jpa-3.0.1.jar:3.0.1]
	at org.springframework.data.jpa.repository.query.JpaQueryExecution.execute(JpaQueryExecution.java:90) ~[spring-data-jpa-3.0.1.jar:3.0.1]
	at org.springframework.data.jpa.repository.query.AbstractJpaQuery.doExecute(AbstractJpaQuery.java:148) ~[spring-data-jpa-3.0.1.jar:3.0.1]
	at org.springframework.data.jpa.repository.query.AbstractJpaQuery.execute(AbstractJpaQuery.java:136) ~[spring-data-jpa-3.0.1.jar:3.0.1]
	at org.springframework.data.repository.core.support.RepositoryMethodInvoker.doInvoke(RepositoryMethodInvoker.java:136) ~[spring-data-commons-3.0.1.jar:3.0.1]
	at org.springframework.data.repository.core.support.RepositoryMethodInvoker.invoke(RepositoryMethodInvoker.java:120) ~[spring-data-commons-3.0.1.jar:3.0.1]
	at org.springframework.data.repository.core.support.QueryExecutorMethodInterceptor.doInvoke(QueryExecutorMethodInterceptor.java:164) ~[spring-data-commons-3.0.1.jar:3.0.1]
	at org.springframework.data.repository.core.support.QueryExecutorMethodInterceptor.invoke(QueryExecutorMethodInterceptor.java:143) ~[spring-data-commons-3.0.1.jar:3.0.1]
	at org.springframework.aop.framework.ReflectiveMethodInvocation.proceed(ReflectiveMethodInvocation.java:184) ~[spring-aop-6.0.4.jar:6.0.4]
	at org.springframework.data.projection.DefaultMethodInvokingMethodInterceptor.invoke(DefaultMethodInvokingMethodInterceptor.java:77) ~[spring-data-commons-3.0.1.jar:3.0.1]
	at org.springframework.aop.framework.ReflectiveMethodInvocation.proceed(ReflectiveMethodInvocation.java:184) ~[spring-aop-6.0.4.jar:6.0.4]
	at org.springframework.transaction.interceptor.TransactionInterceptor$1.proceedWithInvocation(TransactionInterceptor.java:123) ~[spring-tx-6.0.4.jar:6.0.4]
	at org.springframework.transaction.interceptor.TransactionAspectSupport.invokeWithinTransaction(TransactionAspectSupport.java:388) ~[spring-tx-6.0.4.jar:6.0.4]
	at org.springframework.transaction.interceptor.TransactionInterceptor.invoke(TransactionInterceptor.java:119) ~[spring-tx-6.0.4.jar:6.0.4]
	at org.springframework.aop.framework.ReflectiveMethodInvocation.proceed(ReflectiveMethodInvocation.java:184) ~[spring-aop-6.0.4.jar:6.0.4]
	at org.springframework.dao.support.PersistenceExceptionTranslationInterceptor.invoke(PersistenceExceptionTranslationInterceptor.java:137) ~[spring-tx-6.0.4.jar:6.0.4]
	at org.springframework.aop.framework.ReflectiveMethodInvocation.proceed(ReflectiveMethodInvocation.java:184) ~[spring-aop-6.0.4.jar:6.0.4]
	at org.springframework.data.jpa.repository.support.CrudMethodMetadataPostProcessor$CrudMethodMetadataPopulatingMethodInterceptor.invoke(CrudMethodMetadataPostProcessor.java:134) ~[spring-data-jpa-3.0.1.jar:3.0.1]
	at org.springframework.aop.framework.ReflectiveMethodInvocation.proceed(ReflectiveMethodInvocation.java:184) ~[spring-aop-6.0.4.jar:6.0.4]
	at org.springframework.aop.interceptor.ExposeInvocationInterceptor.invoke(ExposeInvocationInterceptor.java:97) ~[spring-aop-6.0.4.jar:6.0.4]
	at org.springframework.aop.framework.ReflectiveMethodInvocation.proceed(ReflectiveMethodInvocation.java:184) ~[spring-aop-6.0.4.jar:6.0.4]
	at org.springframework.aop.framework.JdkDynamicAopProxy.invoke(JdkDynamicAopProxy.java:218) ~[spring-aop-6.0.4.jar:6.0.4]
	at jdk.proxy2/jdk.proxy2.$Proxy157.findByReserveRoomId(Unknown Source) ~[na:na]
	at lit.unichristus.edu.br.mssupportequipments.services.SupportEquipmentService.getAllocatedEquipments(SupportEquipmentService.java:75) ~[classes/:na]
	at java.base/jdk.internal.reflect.NativeMethodAccessorImpl.invoke0(Native Method) ~[na:na]
	at java.base/jdk.internal.reflect.NativeMethodAccessorImpl.invoke(NativeMethodAccessorImpl.java:77) ~[na:na]
	at java.base/jdk.internal.reflect.DelegatingMethodAccessorImpl.invoke(DelegatingMethodAccessorImpl.java:43) ~[na:na]
	at java.base/java.lang.reflect.Method.invoke(Method.java:568) ~[na:na]
	at org.springframework.aop.support.AopUtils.invokeJoinpointUsingReflection(AopUtils.java:343) ~[spring-aop-6.0.4.jar:6.0.4]
	at org.springframework.aop.framework.CglibAopProxy$DynamicAdvisedInterceptor.intercept(CglibAopProxy.java:699) ~[spring-aop-6.0.4.jar:6.0.4]
	at lit.unichristus.edu.br.mssupportequipments.services.SupportEquipmentService$$SpringCGLIB$$0.getAllocatedEquipments(<generated>) ~[classes/:na]
	at lit.unichristus.edu.br.mssupportequipments.controllers.SupportEquipmentController.getAllocatedEquipment(SupportEquipmentController.java:47) ~[classes/:na]
	at java.base/jdk.internal.reflect.NativeMethodAccessorImpl.invoke0(Native Method) ~[na:na]
	at java.base/jdk.internal.reflect.NativeMethodAccessorImpl.invoke(NativeMethodAccessorImpl.java:77) ~[na:na]
	at java.base/jdk.internal.reflect.DelegatingMethodAccessorImpl.invoke(DelegatingMethodAccessorImpl.java:43) ~[na:na]
	at java.base/java.lang.reflect.Method.invoke(Method.java:568) ~[na:na]
	at org.springframework.web.method.support.InvocableHandlerMethod.doInvoke(InvocableHandlerMethod.java:207) ~[spring-web-6.0.4.jar:6.0.4]
	at org.springframework.web.method.support.InvocableHandlerMethod.invokeForRequest(InvocableHandlerMethod.java:152) ~[spring-web-6.0.4.jar:6.0.4]
	at org.springframework.web.servlet.mvc.method.annotation.ServletInvocableHandlerMethod.invokeAndHandle(ServletInvocableHandlerMethod.java:117) ~[spring-webmvc-6.0.4.jar:6.0.4]
	at org.springframework.web.servlet.mvc.method.annotation.RequestMappingHandlerAdapter.invokeHandlerMethod(RequestMappingHandlerAdapter.java:884) ~[spring-webmvc-6.0.4.jar:6.0.4]
	at org.springframework.web.servlet.mvc.method.annotation.RequestMappingHandlerAdapter.handleInternal(RequestMappingHandlerAdapter.java:797) ~[spring-webmvc-6.0.4.jar:6.0.4]
	at org.springframework.web.servlet.mvc.method.AbstractHandlerMethodAdapter.handle(AbstractHandlerMethodAdapter.java:87) ~[spring-webmvc-6.0.4.jar:6.0.4]
	at org.springframework.web.servlet.DispatcherServlet.doDispatch(DispatcherServlet.java:1080) ~[spring-webmvc-6.0.4.jar:6.0.4]
	at org.springframework.web.servlet.DispatcherServlet.doService(DispatcherServlet.java:973) ~[spring-webmvc-6.0.4.jar:6.0.4]
	at org.springframework.web.servlet.FrameworkServlet.processRequest(FrameworkServlet.java:1011) ~[spring-webmvc-6.0.4.jar:6.0.4]
	at org.springframework.web.servlet.FrameworkServlet.doGet(FrameworkServlet.java:903) ~[spring-webmvc-6.0.4.jar:6.0.4]
	at jakarta.servlet.http.HttpServlet.service(HttpServlet.java:527) ~[jakarta.servlet-api-6.0.0.jar:6.0.0]
	at org.springframework.web.servlet.FrameworkServlet.service(FrameworkServlet.java:885) ~[spring-webmvc-6.0.4.jar:6.0.4]
	at jakarta.servlet.http.HttpServlet.service(HttpServlet.java:614) ~[jakarta.servlet-api-6.0.0.jar:6.0.0]
	at org.apache.catalina.core.ApplicationFilterChain.internalDoFilter(ApplicationFilterChain.java:223) ~[tomcat-embed-core-10.1.5.jar:10.1.5]
	at org.apache.catalina.core.ApplicationFilterChain.doFilter(ApplicationFilterChain.java:158) ~[tomcat-embed-core-10.1.5.jar:10.1.5]
	at org.apache.tomcat.websocket.server.WsFilter.doFilter(WsFilter.java:53) ~[tomcat-embed-websocket-10.1.5.jar:10.1.5]
	at org.apache.catalina.core.ApplicationFilterChain.internalDoFilter(ApplicationFilterChain.java:185) ~[tomcat-embed-core-10.1.5.jar:10.1.5]
	at org.apache.catalina.core.ApplicationFilterChain.doFilter(ApplicationFilterChain.java:158) ~[tomcat-embed-core-10.1.5.jar:10.1.5]
	at org.springframework.web.filter.RequestContextFilter.doFilterInternal(RequestContextFilter.java:100) ~[spring-web-6.0.4.jar:6.0.4]
	at org.springframework.web.filter.OncePerRequestFilter.doFilter(OncePerRequestFilter.java:116) ~[spring-web-6.0.4.jar:6.0.4]
	at org.apache.catalina.core.ApplicationFilterChain.internalDoFilter(ApplicationFilterChain.java:185) ~[tomcat-embed-core-10.1.5.jar:10.1.5]
	at org.apache.catalina.core.ApplicationFilterChain.doFilter(ApplicationFilterChain.java:158) ~[tomcat-embed-core-10.1.5.jar:10.1.5]
	at org.springframework.web.filter.FormContentFilter.doFilterInternal(FormContentFilter.java:93) ~[spring-web-6.0.4.jar:6.0.4]
	at org.springframework.web.filter.OncePerRequestFilter.doFilter(OncePerRequestFilter.java:116) ~[spring-web-6.0.4.jar:6.0.4]
	at org.apache.catalina.core.ApplicationFilterChain.internalDoFilter(ApplicationFilterChain.java:185) ~[tomcat-embed-core-10.1.5.jar:10.1.5]
	at org.apache.catalina.core.ApplicationFilterChain.doFilter(ApplicationFilterChain.java:158) ~[tomcat-embed-core-10.1.5.jar:10.1.5]
	at org.springframework.web.filter.ServerHttpObservationFilter.doFilterInternal(ServerHttpObservationFilter.java:109) ~[spring-web-6.0.4.jar:6.0.4]
	at org.springframework.web.filter.OncePerRequestFilter.doFilter(OncePerRequestFilter.java:116) ~[spring-web-6.0.4.jar:6.0.4]
	at org.apache.catalina.core.ApplicationFilterChain.internalDoFilter(ApplicationFilterChain.java:185) ~[tomcat-embed-core-10.1.5.jar:10.1.5]
	at org.apache.catalina.core.ApplicationFilterChain.doFilter(ApplicationFilterChain.java:158) ~[tomcat-embed-core-10.1.5.jar:10.1.5]
	at org.springframework.web.filter.CharacterEncodingFilter.doFilterInternal(CharacterEncodingFilter.java:201) ~[spring-web-6.0.4.jar:6.0.4]
	at org.springframework.web.filter.OncePerRequestFilter.doFilter(OncePerRequestFilter.java:116) ~[spring-web-6.0.4.jar:6.0.4]
	at org.apache.catalina.core.ApplicationFilterChain.internalDoFilter(ApplicationFilterChain.java:185) ~[tomcat-embed-core-10.1.5.jar:10.1.5]
	at org.apache.catalina.core.ApplicationFilterChain.doFilter(ApplicationFilterChain.java:158) ~[tomcat-embed-core-10.1.5.jar:10.1.5]
	at org.apache.catalina.core.StandardWrapperValve.invoke(StandardWrapperValve.java:177) ~[tomcat-embed-core-10.1.5.jar:10.1.5]
	at org.apache.catalina.core.StandardContextValve.invoke(StandardContextValve.java:97) ~[tomcat-embed-core-10.1.5.jar:10.1.5]
	at org.apache.catalina.authenticator.AuthenticatorBase.invoke(AuthenticatorBase.java:542) ~[tomcat-embed-core-10.1.5.jar:10.1.5]
	at org.apache.catalina.core.StandardHostValve.invoke(StandardHostValve.java:119) ~[tomcat-embed-core-10.1.5.jar:10.1.5]
	at org.apache.catalina.valves.ErrorReportValve.invoke(ErrorReportValve.java:92) ~[tomcat-embed-core-10.1.5.jar:10.1.5]
	at org.apache.catalina.core.StandardEngineValve.invoke(StandardEngineValve.java:78) ~[tomcat-embed-core-10.1.5.jar:10.1.5]
	at org.apache.catalina.connector.CoyoteAdapter.service(CoyoteAdapter.java:357) ~[tomcat-embed-core-10.1.5.jar:10.1.5]
	at org.apache.coyote.http11.Http11Processor.service(Http11Processor.java:400) ~[tomcat-embed-core-10.1.5.jar:10.1.5]
	at org.apache.coyote.AbstractProcessorLight.process(AbstractProcessorLight.java:65) ~[tomcat-embed-core-10.1.5.jar:10.1.5]
	at org.apache.coyote.AbstractProtocol$ConnectionHandler.process(AbstractProtocol.java:859) ~[tomcat-embed-core-10.1.5.jar:10.1.5]
	at org.apache.tomcat.util.net.NioEndpoint$SocketProcessor.doRun(NioEndpoint.java:1734) ~[tomcat-embed-core-10.1.5.jar:10.1.5]
	at org.apache.tomcat.util.net.SocketProcessorBase.run(SocketProcessorBase.java:52) ~[tomcat-embed-core-10.1.5.jar:10.1.5]
	at org.apache.tomcat.util.threads.ThreadPoolExecutor.runWorker(ThreadPoolExecutor.java:1191) ~[tomcat-embed-core-10.1.5.jar:10.1.5]
	at org.apache.tomcat.util.threads.ThreadPoolExecutor$Worker.run(ThreadPoolExecutor.java:659) ~[tomcat-embed-core-10.1.5.jar:10.1.5]
	at org.apache.tomcat.util.threads.TaskThread$WrappingRunnable.run(TaskThread.java:61) ~[tomcat-embed-core-10.1.5.jar:10.1.5]
	at java.base/java.lang.Thread.run(Thread.java:833) ~[na:na]

2023-07-21T16:37:00.279-03:00  INFO 798806 --- [AsyncResolver-bootstrap-executor-0] c.n.d.s.r.aws.ConfigClusterResolver      : Resolving eureka endpoints via configuration
2023-07-21T16:42:00.280-03:00  INFO 798806 --- [AsyncResolver-bootstrap-executor-0] c.n.d.s.r.aws.ConfigClusterResolver      : Resolving eureka endpoints via configuration
2023-07-21T16:47:00.281-03:00  INFO 798806 --- [AsyncResolver-bootstrap-executor-0] c.n.d.s.r.aws.ConfigClusterResolver      : Resolving eureka endpoints via configuration
2023-07-21T16:52:00.282-03:00  INFO 798806 --- [AsyncResolver-bootstrap-executor-0] c.n.d.s.r.aws.ConfigClusterResolver      : Resolving eureka endpoints via configuration
2023-07-21T16:57:00.283-03:00  INFO 798806 --- [AsyncResolver-bootstrap-executor-0] c.n.d.s.r.aws.ConfigClusterResolver      : Resolving eureka endpoints via configuration
2023-07-21T17:02:00.283-03:00  INFO 798806 --- [AsyncResolver-bootstrap-executor-0] c.n.d.s.r.aws.ConfigClusterResolver      : Resolving eureka endpoints via configuration
2023-07-21T17:07:00.284-03:00  INFO 798806 --- [AsyncResolver-bootstrap-executor-0] c.n.d.s.r.aws.ConfigClusterResolver      : Resolving eureka endpoints via configuration
2023-07-21T17:12:00.285-03:00  INFO 798806 --- [AsyncResolver-bootstrap-executor-0] c.n.d.s.r.aws.ConfigClusterResolver      : Resolving eureka endpoints via configuration
2023-07-21T17:17:00.286-03:00  INFO 798806 --- [AsyncResolver-bootstrap-executor-0] c.n.d.s.r.aws.ConfigClusterResolver      : Resolving eureka endpoints via configuration
2023-07-21T17:22:00.287-03:00  INFO 798806 --- [AsyncResolver-bootstrap-executor-0] c.n.d.s.r.aws.ConfigClusterResolver      : Resolving eureka endpoints via configuration
2023-07-21T17:27:00.288-03:00  INFO 798806 --- [AsyncResolver-bootstrap-executor-0] c.n.d.s.r.aws.ConfigClusterResolver      : Resolving eureka endpoints via configuration
2023-07-21T17:31:37.591-03:00  INFO 798806 --- [SpringApplicationShutdownHook] o.s.c.n.e.s.EurekaServiceRegistry        : Unregistering application MSSUPPORTEQUIPMENTS with eureka with status DOWN
2023-07-21T17:31:37.592-03:00  INFO 798806 --- [SpringApplicationShutdownHook] com.netflix.discovery.DiscoveryClient    : Saw local status change event StatusChangeEvent [timestamp=1689971497592, current=DOWN, previous=UP]
2023-07-21T17:31:37.592-03:00  INFO 798806 --- [DiscoveryClient-InstanceInfoReplicator-0] com.netflix.discovery.DiscoveryClient    : DiscoveryClient_MSSUPPORTEQUIPMENTS/192.168.43.202:mssupportequipments:a628c15144f3f1b843a11078cdff4141: registering service...
2023-07-21T17:31:37.644-03:00  INFO 798806 --- [SpringApplicationShutdownHook] j.LocalContainerEntityManagerFactoryBean : Closing JPA EntityManagerFactory for persistence unit 'default'
2023-07-21T17:31:37.648-03:00  INFO 798806 --- [SpringApplicationShutdownHook] com.zaxxer.hikari.HikariDataSource       : HikariPool-1 - Shutdown initiated...
2023-07-21T17:31:37.684-03:00  INFO 798806 --- [SpringApplicationShutdownHook] com.zaxxer.hikari.HikariDataSource       : HikariPool-1 - Shutdown completed.
2023-07-21T17:31:37.685-03:00  INFO 798806 --- [SpringApplicationShutdownHook] com.netflix.discovery.DiscoveryClient    : Shutting down DiscoveryClient ...
2023-07-21T17:31:37.788-03:00  INFO 798806 --- [DiscoveryClient-InstanceInfoReplicator-0] com.netflix.discovery.DiscoveryClient    : DiscoveryClient_MSSUPPORTEQUIPMENTS/192.168.43.202:mssupportequipments:a628c15144f3f1b843a11078cdff4141 - registration status: 204
2023-07-21T17:31:37.790-03:00  INFO 798806 --- [SpringApplicationShutdownHook] com.netflix.discovery.DiscoveryClient    : Unregistering ...
2023-07-21T17:31:37.905-03:00  INFO 798806 --- [SpringApplicationShutdownHook] com.netflix.discovery.DiscoveryClient    : DiscoveryClient_MSSUPPORTEQUIPMENTS/192.168.43.202:mssupportequipments:a628c15144f3f1b843a11078cdff4141 - deregister  status: 200
2023-07-21T17:31:37.923-03:00  INFO 798806 --- [SpringApplicationShutdownHook] com.netflix.discovery.DiscoveryClient    : Completed shut down of DiscoveryClient
