2023-07-14T14:30:29.202-03:00  INFO 59049 --- [main] c.c.c.ConfigServicePropertySourceLocator : Fetching config from server at : http://localhost:7000
2023-07-14T14:30:29.336-03:00  INFO 59049 --- [main] c.c.c.ConfigServicePropertySourceLocator : Exception on Url - http://localhost:7000:org.springframework.web.client.ResourceAccessException: I/O error on GET request for "http://localhost:7000/mssupportequipment/default": Conexão recusada. Will be trying the next url if available
2023-07-14T14:30:29.336-03:00  WARN 59049 --- [main] c.c.c.ConfigServicePropertySourceLocator : Could not locate PropertySource: I/O error on GET request for "http://localhost:7000/mssupportequipment/default": Conexão recusada
2023-07-14T14:30:29.343-03:00  INFO 59049 --- [main] l.u.e.b.m.MssupportequipmentApplication  : The following 1 profile is active: "default"
2023-07-14T14:30:30.719-03:00  INFO 59049 --- [main] .s.d.r.c.RepositoryConfigurationDelegate : Bootstrapping Spring Data JPA repositories in DEFAULT mode.
2023-07-14T14:30:30.881-03:00  INFO 59049 --- [main] .s.d.r.c.RepositoryConfigurationDelegate : Finished Spring Data repository scanning in 152 ms. Found 2 JPA repository interfaces.
2023-07-14T14:30:31.263-03:00  INFO 59049 --- [main] o.s.cloud.context.scope.GenericScope     : BeanFactory id=996449d2-6c77-3030-824b-436e0753be47
2023-07-14T14:30:31.383-03:00  INFO 59049 --- [main] trationDelegate$BeanPostProcessorChecker : Bean 'lit.unichristus.edu.br.mssupportequipment.clients.CampusClient' of type [org.springframework.cloud.openfeign.FeignClientFactoryBean] is not eligible for getting processed by all BeanPostProcessors (for example: not eligible for auto-proxying)
2023-07-14T14:30:31.543-03:00 ERROR 59049 --- [main] o.a.catalina.core.AprLifecycleListener   : An incompatible version [1.2.31] of the Apache Tomcat Native library is installed, while Tomcat requires version [1.2.34]
2023-07-14T14:30:31.812-03:00  INFO 59049 --- [main] o.s.b.w.embedded.tomcat.TomcatWebServer  : Tomcat initialized with port(s): 0 (http)
2023-07-14T14:30:31.824-03:00  INFO 59049 --- [main] o.apache.catalina.core.StandardService   : Starting service [Tomcat]
2023-07-14T14:30:31.825-03:00  INFO 59049 --- [main] o.apache.catalina.core.StandardEngine    : Starting Servlet engine: [Apache Tomcat/10.1.5]
2023-07-14T14:30:32.001-03:00  INFO 59049 --- [main] o.a.c.c.C.[Tomcat].[localhost].[/]       : Initializing Spring embedded WebApplicationContext
2023-07-14T14:30:32.001-03:00  INFO 59049 --- [main] w.s.c.ServletWebServerApplicationContext : Root WebApplicationContext: initialization completed in 2631 ms
2023-07-14T14:30:32.470-03:00  INFO 59049 --- [main] o.hibernate.jpa.internal.util.LogHelper  : HHH000204: Processing PersistenceUnitInfo [name: default]
2023-07-14T14:30:32.519-03:00  INFO 59049 --- [main] org.hibernate.Version                    : HHH000412: Hibernate ORM core version 6.1.6.Final
2023-07-14T14:30:32.701-03:00  WARN 59049 --- [main] org.hibernate.orm.deprecation            : HHH90000021: Encountered deprecated setting [javax.persistence.sharedCache.mode], use [jakarta.persistence.sharedCache.mode] instead
2023-07-14T14:30:32.823-03:00  INFO 59049 --- [main] com.zaxxer.hikari.HikariDataSource       : HikariPool-1 - Starting...
2023-07-14T14:30:33.158-03:00  INFO 59049 --- [main] com.zaxxer.hikari.pool.HikariPool        : HikariPool-1 - Added connection org.postgresql.jdbc.PgConnection@8d7718e
2023-07-14T14:30:33.161-03:00  INFO 59049 --- [main] com.zaxxer.hikari.HikariDataSource       : HikariPool-1 - Start completed.
2023-07-14T14:30:33.222-03:00  INFO 59049 --- [main] SQL dialect                              : HHH000400: Using dialect: org.hibernate.dialect.PostgreSQLDialect
2023-07-14T14:30:33.435-03:00 ERROR 59049 --- [main] j.LocalContainerEntityManagerFactoryBean : Failed to initialize JPA EntityManagerFactory: Association 'lit.unichristus.edu.br.mssupportequipment.models.RoomModel.campus' targets an unknown entity named 'lit.unichristus.edu.br.mssupportequipment.models.CampusModel'
2023-07-14T14:30:33.436-03:00  WARN 59049 --- [main] ConfigServletWebServerApplicationContext : Exception encountered during context initialization - cancelling refresh attempt: org.springframework.beans.factory.BeanCreationException: Error creating bean with name 'entityManagerFactory' defined in class path resource [org/springframework/boot/autoconfigure/orm/jpa/HibernateJpaConfiguration.class]: Association 'lit.unichristus.edu.br.mssupportequipment.models.RoomModel.campus' targets an unknown entity named 'lit.unichristus.edu.br.mssupportequipment.models.CampusModel'
2023-07-14T14:30:33.436-03:00  INFO 59049 --- [main] com.zaxxer.hikari.HikariDataSource       : HikariPool-1 - Shutdown initiated...
2023-07-14T14:30:33.501-03:00  INFO 59049 --- [main] com.zaxxer.hikari.HikariDataSource       : HikariPool-1 - Shutdown completed.
2023-07-14T14:30:33.503-03:00  INFO 59049 --- [main] o.apache.catalina.core.StandardService   : Stopping service [Tomcat]
2023-07-14T14:30:33.532-03:00  INFO 59049 --- [main] .s.b.a.l.ConditionEvaluationReportLogger : 

Error starting ApplicationContext. To display the condition evaluation report re-run your application with 'debug' enabled.
2023-07-14T14:30:33.569-03:00 ERROR 59049 --- [main] o.s.boot.SpringApplication               : Application run failed

org.springframework.beans.factory.BeanCreationException: Error creating bean with name 'entityManagerFactory' defined in class path resource [org/springframework/boot/autoconfigure/orm/jpa/HibernateJpaConfiguration.class]: Association 'lit.unichristus.edu.br.mssupportequipment.models.RoomModel.campus' targets an unknown entity named 'lit.unichristus.edu.br.mssupportequipment.models.CampusModel'
	at org.springframework.beans.factory.support.AbstractAutowireCapableBeanFactory.initializeBean(AbstractAutowireCapableBeanFactory.java:1751) ~[spring-beans-6.0.4.jar:6.0.4]
	at org.springframework.beans.factory.support.AbstractAutowireCapableBeanFactory.doCreateBean(AbstractAutowireCapableBeanFactory.java:599) ~[spring-beans-6.0.4.jar:6.0.4]
	at org.springframework.beans.factory.support.AbstractAutowireCapableBeanFactory.createBean(AbstractAutowireCapableBeanFactory.java:521) ~[spring-beans-6.0.4.jar:6.0.4]
	at org.springframework.beans.factory.support.AbstractBeanFactory.lambda$doGetBean$0(AbstractBeanFactory.java:326) ~[spring-beans-6.0.4.jar:6.0.4]
	at org.springframework.beans.factory.support.DefaultSingletonBeanRegistry.getSingleton(DefaultSingletonBeanRegistry.java:234) ~[spring-beans-6.0.4.jar:6.0.4]
	at org.springframework.beans.factory.support.AbstractBeanFactory.doGetBean(AbstractBeanFactory.java:324) ~[spring-beans-6.0.4.jar:6.0.4]
	at org.springframework.beans.factory.support.AbstractBeanFactory.getBean(AbstractBeanFactory.java:200) ~[spring-beans-6.0.4.jar:6.0.4]
	at org.springframework.context.support.AbstractApplicationContext.getBean(AbstractApplicationContext.java:1130) ~[spring-context-6.0.4.jar:6.0.4]
	at org.springframework.context.support.AbstractApplicationContext.finishBeanFactoryInitialization(AbstractApplicationContext.java:905) ~[spring-context-6.0.4.jar:6.0.4]
	at org.springframework.context.support.AbstractApplicationContext.refresh(AbstractApplicationContext.java:584) ~[spring-context-6.0.4.jar:6.0.4]
	at org.springframework.boot.web.servlet.context.ServletWebServerApplicationContext.refresh(ServletWebServerApplicationContext.java:146) ~[spring-boot-3.0.2.jar:3.0.2]
	at org.springframework.boot.SpringApplication.refresh(SpringApplication.java:730) ~[spring-boot-3.0.2.jar:3.0.2]
	at org.springframework.boot.SpringApplication.refreshContext(SpringApplication.java:432) ~[spring-boot-3.0.2.jar:3.0.2]
	at org.springframework.boot.SpringApplication.run(SpringApplication.java:308) ~[spring-boot-3.0.2.jar:3.0.2]
	at org.springframework.boot.SpringApplication.run(SpringApplication.java:1302) ~[spring-boot-3.0.2.jar:3.0.2]
	at org.springframework.boot.SpringApplication.run(SpringApplication.java:1291) ~[spring-boot-3.0.2.jar:3.0.2]
	at lit.unichristus.edu.br.mssupportequipment.MsreserveequipmentApplication.main(MssupportequipmentApplication.java:14) ~[classes/:na]
Caused by: org.hibernate.AnnotationException: Association 'lit.unichristus.edu.br.mssupportequipment.models.RoomModel.campus' targets an unknown entity named 'lit.unichristus.edu.br.mssupportequipment.models.CampusModel'
	at org.hibernate.cfg.ToOneFkSecondPass.doSecondPass(ToOneFkSecondPass.java:97) ~[hibernate-core-6.1.6.Final.jar:6.1.6.Final]
	at org.hibernate.boot.internal.InFlightMetadataCollectorImpl.processEndOfQueue(InFlightMetadataCollectorImpl.java:1879) ~[hibernate-core-6.1.6.Final.jar:6.1.6.Final]
	at org.hibernate.boot.internal.InFlightMetadataCollectorImpl.processFkSecondPassesInOrder(InFlightMetadataCollectorImpl.java:1826) ~[hibernate-core-6.1.6.Final.jar:6.1.6.Final]
	at org.hibernate.boot.internal.InFlightMetadataCollectorImpl.processSecondPasses(InFlightMetadataCollectorImpl.java:1733) ~[hibernate-core-6.1.6.Final.jar:6.1.6.Final]
	at org.hibernate.boot.model.process.spi.MetadataBuildingProcess.complete(MetadataBuildingProcess.java:300) ~[hibernate-core-6.1.6.Final.jar:6.1.6.Final]
	at org.hibernate.jpa.boot.internal.EntityManagerFactoryBuilderImpl.metadata(EntityManagerFactoryBuilderImpl.java:1350) ~[hibernate-core-6.1.6.Final.jar:6.1.6.Final]
	at org.hibernate.jpa.boot.internal.EntityManagerFactoryBuilderImpl.build(EntityManagerFactoryBuilderImpl.java:1421) ~[hibernate-core-6.1.6.Final.jar:6.1.6.Final]
	at org.springframework.orm.jpa.vendor.SpringHibernateJpaPersistenceProvider.createContainerEntityManagerFactory(SpringHibernateJpaPersistenceProvider.java:66) ~[spring-orm-6.0.4.jar:6.0.4]
	at org.springframework.orm.jpa.LocalContainerEntityManagerFactoryBean.createNativeEntityManagerFactory(LocalContainerEntityManagerFactoryBean.java:376) ~[spring-orm-6.0.4.jar:6.0.4]
	at org.springframework.orm.jpa.AbstractEntityManagerFactoryBean.buildNativeEntityManagerFactory(AbstractEntityManagerFactoryBean.java:409) ~[spring-orm-6.0.4.jar:6.0.4]
	at org.springframework.orm.jpa.AbstractEntityManagerFactoryBean.afterPropertiesSet(AbstractEntityManagerFactoryBean.java:396) ~[spring-orm-6.0.4.jar:6.0.4]
	at org.springframework.orm.jpa.LocalContainerEntityManagerFactoryBean.afterPropertiesSet(LocalContainerEntityManagerFactoryBean.java:352) ~[spring-orm-6.0.4.jar:6.0.4]
	at org.springframework.beans.factory.support.AbstractAutowireCapableBeanFactory.invokeInitMethods(AbstractAutowireCapableBeanFactory.java:1797) ~[spring-beans-6.0.4.jar:6.0.4]
	at org.springframework.beans.factory.support.AbstractAutowireCapableBeanFactory.initializeBean(AbstractAutowireCapableBeanFactory.java:1747) ~[spring-beans-6.0.4.jar:6.0.4]
	... 16 common frames omitted

2023-07-14T14:49:33.271-03:00  INFO 62577 --- [main] c.c.c.ConfigServicePropertySourceLocator : Fetching config from server at : http://localhost:7000
2023-07-14T14:49:33.397-03:00  INFO 62577 --- [main] c.c.c.ConfigServicePropertySourceLocator : Exception on Url - http://localhost:7000:org.springframework.web.client.ResourceAccessException: I/O error on GET request for "http://localhost:7000/mssupportequipment/default": Conexão recusada. Will be trying the next url if available
2023-07-14T14:49:33.397-03:00  WARN 62577 --- [main] c.c.c.ConfigServicePropertySourceLocator : Could not locate PropertySource: I/O error on GET request for "http://localhost:7000/mssupportequipment/default": Conexão recusada
2023-07-14T14:49:33.404-03:00  INFO 62577 --- [main] l.u.e.b.m.MssupportequipmentApplication  : The following 1 profile is active: "default"
2023-07-14T14:49:34.892-03:00  INFO 62577 --- [main] .s.d.r.c.RepositoryConfigurationDelegate : Bootstrapping Spring Data JPA repositories in DEFAULT mode.
2023-07-14T14:49:35.035-03:00  INFO 62577 --- [main] .s.d.r.c.RepositoryConfigurationDelegate : Finished Spring Data repository scanning in 134 ms. Found 2 JPA repository interfaces.
2023-07-14T14:49:35.402-03:00  INFO 62577 --- [main] o.s.cloud.context.scope.GenericScope     : BeanFactory id=996449d2-6c77-3030-824b-436e0753be47
2023-07-14T14:49:35.503-03:00  INFO 62577 --- [main] trationDelegate$BeanPostProcessorChecker : Bean 'lit.unichristus.edu.br.mssupportequipment.clients.CampusClient' of type [org.springframework.cloud.openfeign.FeignClientFactoryBean] is not eligible for getting processed by all BeanPostProcessors (for example: not eligible for auto-proxying)
2023-07-14T14:49:35.662-03:00 ERROR 62577 --- [main] o.a.catalina.core.AprLifecycleListener   : An incompatible version [1.2.31] of the Apache Tomcat Native library is installed, while Tomcat requires version [1.2.34]
2023-07-14T14:49:35.966-03:00  INFO 62577 --- [main] o.s.b.w.embedded.tomcat.TomcatWebServer  : Tomcat initialized with port(s): 0 (http)
2023-07-14T14:49:35.979-03:00  INFO 62577 --- [main] o.apache.catalina.core.StandardService   : Starting service [Tomcat]
2023-07-14T14:49:35.979-03:00  INFO 62577 --- [main] o.apache.catalina.core.StandardEngine    : Starting Servlet engine: [Apache Tomcat/10.1.5]
2023-07-14T14:49:36.104-03:00  INFO 62577 --- [main] o.a.c.c.C.[Tomcat].[localhost].[/]       : Initializing Spring embedded WebApplicationContext
2023-07-14T14:49:36.105-03:00  INFO 62577 --- [main] w.s.c.ServletWebServerApplicationContext : Root WebApplicationContext: initialization completed in 2677 ms
2023-07-14T14:49:36.501-03:00  INFO 62577 --- [main] o.hibernate.jpa.internal.util.LogHelper  : HHH000204: Processing PersistenceUnitInfo [name: default]
2023-07-14T14:49:36.550-03:00  INFO 62577 --- [main] org.hibernate.Version                    : HHH000412: Hibernate ORM core version 6.1.6.Final
2023-07-14T14:49:36.740-03:00  WARN 62577 --- [main] org.hibernate.orm.deprecation            : HHH90000021: Encountered deprecated setting [javax.persistence.sharedCache.mode], use [jakarta.persistence.sharedCache.mode] instead
2023-07-14T14:49:36.886-03:00  INFO 62577 --- [main] com.zaxxer.hikari.HikariDataSource       : HikariPool-1 - Starting...
2023-07-14T14:49:37.283-03:00  INFO 62577 --- [main] com.zaxxer.hikari.pool.HikariPool        : HikariPool-1 - Added connection org.postgresql.jdbc.PgConnection@3dec769
2023-07-14T14:49:37.286-03:00  INFO 62577 --- [main] com.zaxxer.hikari.HikariDataSource       : HikariPool-1 - Start completed.
2023-07-14T14:49:37.337-03:00  INFO 62577 --- [main] SQL dialect                              : HHH000400: Using dialect: org.hibernate.dialect.PostgreSQLDialect
2023-07-14T14:49:37.549-03:00 ERROR 62577 --- [main] j.LocalContainerEntityManagerFactoryBean : Failed to initialize JPA EntityManagerFactory: Association 'lit.unichristus.edu.br.mssupportequipment.models.SupportEquipmentModel.campus' targets an unknown entity named 'lit.unichristus.edu.br.mssupportequipment.models.CampusModel'
2023-07-14T14:49:37.550-03:00  WARN 62577 --- [main] ConfigServletWebServerApplicationContext : Exception encountered during context initialization - cancelling refresh attempt: org.springframework.beans.factory.BeanCreationException: Error creating bean with name 'entityManagerFactory' defined in class path resource [org/springframework/boot/autoconfigure/orm/jpa/HibernateJpaConfiguration.class]: Association 'lit.unichristus.edu.br.mssupportequipment.models.SupportEquipmentModel.campus' targets an unknown entity named 'lit.unichristus.edu.br.mssupportequipment.models.CampusModel'
2023-07-14T14:49:37.550-03:00  INFO 62577 --- [main] com.zaxxer.hikari.HikariDataSource       : HikariPool-1 - Shutdown initiated...
2023-07-14T14:49:37.577-03:00  INFO 62577 --- [main] com.zaxxer.hikari.HikariDataSource       : HikariPool-1 - Shutdown completed.
2023-07-14T14:49:37.579-03:00  INFO 62577 --- [main] o.apache.catalina.core.StandardService   : Stopping service [Tomcat]
2023-07-14T14:49:37.610-03:00  INFO 62577 --- [main] .s.b.a.l.ConditionEvaluationReportLogger : 

Error starting ApplicationContext. To display the condition evaluation report re-run your application with 'debug' enabled.
2023-07-14T14:49:37.630-03:00 ERROR 62577 --- [main] o.s.boot.SpringApplication               : Application run failed

org.springframework.beans.factory.BeanCreationException: Error creating bean with name 'entityManagerFactory' defined in class path resource [org/springframework/boot/autoconfigure/orm/jpa/HibernateJpaConfiguration.class]: Association 'lit.unichristus.edu.br.mssupportequipment.models.SupportEquipmentModel.campus' targets an unknown entity named 'lit.unichristus.edu.br.mssupportequipment.models.CampusModel'
	at org.springframework.beans.factory.support.AbstractAutowireCapableBeanFactory.initializeBean(AbstractAutowireCapableBeanFactory.java:1751) ~[spring-beans-6.0.4.jar:6.0.4]
	at org.springframework.beans.factory.support.AbstractAutowireCapableBeanFactory.doCreateBean(AbstractAutowireCapableBeanFactory.java:599) ~[spring-beans-6.0.4.jar:6.0.4]
	at org.springframework.beans.factory.support.AbstractAutowireCapableBeanFactory.createBean(AbstractAutowireCapableBeanFactory.java:521) ~[spring-beans-6.0.4.jar:6.0.4]
	at org.springframework.beans.factory.support.AbstractBeanFactory.lambda$doGetBean$0(AbstractBeanFactory.java:326) ~[spring-beans-6.0.4.jar:6.0.4]
	at org.springframework.beans.factory.support.DefaultSingletonBeanRegistry.getSingleton(DefaultSingletonBeanRegistry.java:234) ~[spring-beans-6.0.4.jar:6.0.4]
	at org.springframework.beans.factory.support.AbstractBeanFactory.doGetBean(AbstractBeanFactory.java:324) ~[spring-beans-6.0.4.jar:6.0.4]
	at org.springframework.beans.factory.support.AbstractBeanFactory.getBean(AbstractBeanFactory.java:200) ~[spring-beans-6.0.4.jar:6.0.4]
	at org.springframework.context.support.AbstractApplicationContext.getBean(AbstractApplicationContext.java:1130) ~[spring-context-6.0.4.jar:6.0.4]
	at org.springframework.context.support.AbstractApplicationContext.finishBeanFactoryInitialization(AbstractApplicationContext.java:905) ~[spring-context-6.0.4.jar:6.0.4]
	at org.springframework.context.support.AbstractApplicationContext.refresh(AbstractApplicationContext.java:584) ~[spring-context-6.0.4.jar:6.0.4]
	at org.springframework.boot.web.servlet.context.ServletWebServerApplicationContext.refresh(ServletWebServerApplicationContext.java:146) ~[spring-boot-3.0.2.jar:3.0.2]
	at org.springframework.boot.SpringApplication.refresh(SpringApplication.java:730) ~[spring-boot-3.0.2.jar:3.0.2]
	at org.springframework.boot.SpringApplication.refreshContext(SpringApplication.java:432) ~[spring-boot-3.0.2.jar:3.0.2]
	at org.springframework.boot.SpringApplication.run(SpringApplication.java:308) ~[spring-boot-3.0.2.jar:3.0.2]
	at org.springframework.boot.SpringApplication.run(SpringApplication.java:1302) ~[spring-boot-3.0.2.jar:3.0.2]
	at org.springframework.boot.SpringApplication.run(SpringApplication.java:1291) ~[spring-boot-3.0.2.jar:3.0.2]
	at lit.unichristus.edu.br.mssupportequipment.MsreserveequipmentApplication.main(MssupportequipmentApplication.java:14) ~[classes/:na]
Caused by: org.hibernate.AnnotationException: Association 'lit.unichristus.edu.br.mssupportequipment.models.SupportEquipmentModel.campus' targets an unknown entity named 'lit.unichristus.edu.br.mssupportequipment.models.CampusModel'
	at org.hibernate.cfg.ToOneFkSecondPass.doSecondPass(ToOneFkSecondPass.java:97) ~[hibernate-core-6.1.6.Final.jar:6.1.6.Final]
	at org.hibernate.boot.internal.InFlightMetadataCollectorImpl.processEndOfQueue(InFlightMetadataCollectorImpl.java:1879) ~[hibernate-core-6.1.6.Final.jar:6.1.6.Final]
	at org.hibernate.boot.internal.InFlightMetadataCollectorImpl.processFkSecondPassesInOrder(InFlightMetadataCollectorImpl.java:1826) ~[hibernate-core-6.1.6.Final.jar:6.1.6.Final]
	at org.hibernate.boot.internal.InFlightMetadataCollectorImpl.processSecondPasses(InFlightMetadataCollectorImpl.java:1733) ~[hibernate-core-6.1.6.Final.jar:6.1.6.Final]
	at org.hibernate.boot.model.process.spi.MetadataBuildingProcess.complete(MetadataBuildingProcess.java:300) ~[hibernate-core-6.1.6.Final.jar:6.1.6.Final]
	at org.hibernate.jpa.boot.internal.EntityManagerFactoryBuilderImpl.metadata(EntityManagerFactoryBuilderImpl.java:1350) ~[hibernate-core-6.1.6.Final.jar:6.1.6.Final]
	at org.hibernate.jpa.boot.internal.EntityManagerFactoryBuilderImpl.build(EntityManagerFactoryBuilderImpl.java:1421) ~[hibernate-core-6.1.6.Final.jar:6.1.6.Final]
	at org.springframework.orm.jpa.vendor.SpringHibernateJpaPersistenceProvider.createContainerEntityManagerFactory(SpringHibernateJpaPersistenceProvider.java:66) ~[spring-orm-6.0.4.jar:6.0.4]
	at org.springframework.orm.jpa.LocalContainerEntityManagerFactoryBean.createNativeEntityManagerFactory(LocalContainerEntityManagerFactoryBean.java:376) ~[spring-orm-6.0.4.jar:6.0.4]
	at org.springframework.orm.jpa.AbstractEntityManagerFactoryBean.buildNativeEntityManagerFactory(AbstractEntityManagerFactoryBean.java:409) ~[spring-orm-6.0.4.jar:6.0.4]
	at org.springframework.orm.jpa.AbstractEntityManagerFactoryBean.afterPropertiesSet(AbstractEntityManagerFactoryBean.java:396) ~[spring-orm-6.0.4.jar:6.0.4]
	at org.springframework.orm.jpa.LocalContainerEntityManagerFactoryBean.afterPropertiesSet(LocalContainerEntityManagerFactoryBean.java:352) ~[spring-orm-6.0.4.jar:6.0.4]
	at org.springframework.beans.factory.support.AbstractAutowireCapableBeanFactory.invokeInitMethods(AbstractAutowireCapableBeanFactory.java:1797) ~[spring-beans-6.0.4.jar:6.0.4]
	at org.springframework.beans.factory.support.AbstractAutowireCapableBeanFactory.initializeBean(AbstractAutowireCapableBeanFactory.java:1747) ~[spring-beans-6.0.4.jar:6.0.4]
	... 16 common frames omitted

2023-07-14T14:50:37.794-03:00  INFO 62902 --- [main] c.c.c.ConfigServicePropertySourceLocator : Fetching config from server at : http://localhost:7000
2023-07-14T14:50:37.916-03:00  INFO 62902 --- [main] c.c.c.ConfigServicePropertySourceLocator : Exception on Url - http://localhost:7000:org.springframework.web.client.ResourceAccessException: I/O error on GET request for "http://localhost:7000/mssupportequipment/default": Conexão recusada. Will be trying the next url if available
2023-07-14T14:50:37.917-03:00  WARN 62902 --- [main] c.c.c.ConfigServicePropertySourceLocator : Could not locate PropertySource: I/O error on GET request for "http://localhost:7000/mssupportequipment/default": Conexão recusada
2023-07-14T14:50:37.924-03:00  INFO 62902 --- [main] l.u.e.b.m.MssupportequipmentApplication  : The following 1 profile is active: "default"
2023-07-14T14:50:39.150-03:00  INFO 62902 --- [main] .s.d.r.c.RepositoryConfigurationDelegate : Bootstrapping Spring Data JPA repositories in DEFAULT mode.
2023-07-14T14:50:39.284-03:00  INFO 62902 --- [main] .s.d.r.c.RepositoryConfigurationDelegate : Finished Spring Data repository scanning in 124 ms. Found 2 JPA repository interfaces.
2023-07-14T14:50:39.638-03:00  INFO 62902 --- [main] o.s.cloud.context.scope.GenericScope     : BeanFactory id=996449d2-6c77-3030-824b-436e0753be47
2023-07-14T14:50:39.743-03:00  INFO 62902 --- [main] trationDelegate$BeanPostProcessorChecker : Bean 'lit.unichristus.edu.br.mssupportequipment.clients.CampusClient' of type [org.springframework.cloud.openfeign.FeignClientFactoryBean] is not eligible for getting processed by all BeanPostProcessors (for example: not eligible for auto-proxying)
2023-07-14T14:50:39.891-03:00 ERROR 62902 --- [main] o.a.catalina.core.AprLifecycleListener   : An incompatible version [1.2.31] of the Apache Tomcat Native library is installed, while Tomcat requires version [1.2.34]
2023-07-14T14:50:40.171-03:00  INFO 62902 --- [main] o.s.b.w.embedded.tomcat.TomcatWebServer  : Tomcat initialized with port(s): 0 (http)
2023-07-14T14:50:40.184-03:00  INFO 62902 --- [main] o.apache.catalina.core.StandardService   : Starting service [Tomcat]
2023-07-14T14:50:40.185-03:00  INFO 62902 --- [main] o.apache.catalina.core.StandardEngine    : Starting Servlet engine: [Apache Tomcat/10.1.5]
2023-07-14T14:50:40.308-03:00  INFO 62902 --- [main] o.a.c.c.C.[Tomcat].[localhost].[/]       : Initializing Spring embedded WebApplicationContext
2023-07-14T14:50:40.308-03:00  INFO 62902 --- [main] w.s.c.ServletWebServerApplicationContext : Root WebApplicationContext: initialization completed in 2359 ms
2023-07-14T14:50:40.703-03:00  INFO 62902 --- [main] o.hibernate.jpa.internal.util.LogHelper  : HHH000204: Processing PersistenceUnitInfo [name: default]
2023-07-14T14:50:40.770-03:00  INFO 62902 --- [main] org.hibernate.Version                    : HHH000412: Hibernate ORM core version 6.1.6.Final
2023-07-14T14:50:40.941-03:00  WARN 62902 --- [main] org.hibernate.orm.deprecation            : HHH90000021: Encountered deprecated setting [javax.persistence.sharedCache.mode], use [jakarta.persistence.sharedCache.mode] instead
2023-07-14T14:50:41.071-03:00  INFO 62902 --- [main] com.zaxxer.hikari.HikariDataSource       : HikariPool-1 - Starting...
2023-07-14T14:50:41.452-03:00  INFO 62902 --- [main] com.zaxxer.hikari.pool.HikariPool        : HikariPool-1 - Added connection org.postgresql.jdbc.PgConnection@9de1b85
2023-07-14T14:50:41.454-03:00  INFO 62902 --- [main] com.zaxxer.hikari.HikariDataSource       : HikariPool-1 - Start completed.
2023-07-14T14:50:41.502-03:00  INFO 62902 --- [main] SQL dialect                              : HHH000400: Using dialect: org.hibernate.dialect.PostgreSQLDialect
2023-07-14T14:50:42.433-03:00  INFO 62902 --- [main] o.h.e.t.j.p.i.JtaPlatformInitiator       : HHH000490: Using JtaPlatform implementation: [org.hibernate.engine.transaction.jta.platform.internal.NoJtaPlatform]
2023-07-14T14:50:42.442-03:00  INFO 62902 --- [main] j.LocalContainerEntityManagerFactoryBean : Initialized JPA EntityManagerFactory for persistence unit 'default'
2023-07-14T14:50:42.669-03:00  WARN 62902 --- [main] JpaBaseConfiguration$JpaWebConfiguration : spring.jpa.open-in-view is enabled by default. Therefore, database queries may be performed during view rendering. Explicitly configure spring.jpa.open-in-view to disable this warning
2023-07-14T14:50:42.748-03:00  INFO 62902 --- [main] o.s.c.openfeign.FeignClientFactoryBean   : For 'coreservice' URL not provided. Will try picking an instance via load-balancing.
2023-07-14T14:50:43.185-03:00  WARN 62902 --- [main] ConfigServletWebServerApplicationContext : Exception encountered during context initialization - cancelling refresh attempt: org.springframework.beans.factory.UnsatisfiedDependencyException: Error creating bean with name 'campusService' defined in file [/home/lit/Área de Trabalho/litapi/mssupportequipment/target/classes/lit/unichristus/edu/br/mssupportequipment/service/CampusService.class]: Unsatisfied dependency expressed through constructor parameter 0: Error creating bean with name 'campusRepository' defined in lit.unichristus.edu.br.mssupportequipment.repository.CampusRepository defined in @EnableJpaRepositories declared on JpaRepositoriesRegistrar.EnableJpaRepositoriesConfiguration: Not a managed type: class lit.unichristus.edu.br.mssupportequipment.models.CampusModel
2023-07-14T14:50:43.187-03:00  WARN 62902 --- [main] s.c.a.AnnotationConfigApplicationContext : Exception thrown from ApplicationListener handling ContextClosedEvent

org.springframework.beans.factory.BeanCreationNotAllowedException: Error creating bean with name 'rabbitConnectionFactory': Singleton bean creation not allowed while singletons of this factory are in destruction (Do not request a bean from a BeanFactory in a destroy method implementation!)
	at org.springframework.beans.factory.support.DefaultSingletonBeanRegistry.getSingleton(DefaultSingletonBeanRegistry.java:220) ~[spring-beans-6.0.4.jar:6.0.4]
	at org.springframework.beans.factory.support.AbstractBeanFactory.doGetBean(AbstractBeanFactory.java:324) ~[spring-beans-6.0.4.jar:6.0.4]
	at org.springframework.beans.factory.support.AbstractBeanFactory.getBean(AbstractBeanFactory.java:205) ~[spring-beans-6.0.4.jar:6.0.4]
	at org.springframework.context.event.AbstractApplicationEventMulticaster.retrieveApplicationListeners(AbstractApplicationEventMulticaster.java:264) ~[spring-context-6.0.4.jar:6.0.4]
	at org.springframework.context.event.AbstractApplicationEventMulticaster.getApplicationListeners(AbstractApplicationEventMulticaster.java:221) ~[spring-context-6.0.4.jar:6.0.4]
	at org.springframework.context.event.SimpleApplicationEventMulticaster.multicastEvent(SimpleApplicationEventMulticaster.java:138) ~[spring-context-6.0.4.jar:6.0.4]
	at org.springframework.context.support.AbstractApplicationContext.publishEvent(AbstractApplicationContext.java:413) ~[spring-context-6.0.4.jar:6.0.4]
	at org.springframework.context.support.AbstractApplicationContext.publishEvent(AbstractApplicationContext.java:419) ~[spring-context-6.0.4.jar:6.0.4]
	at org.springframework.context.support.AbstractApplicationContext.publishEvent(AbstractApplicationContext.java:370) ~[spring-context-6.0.4.jar:6.0.4]
	at org.springframework.context.support.AbstractApplicationContext.doClose(AbstractApplicationContext.java:1034) ~[spring-context-6.0.4.jar:6.0.4]
	at org.springframework.context.support.AbstractApplicationContext.close(AbstractApplicationContext.java:1001) ~[spring-context-6.0.4.jar:6.0.4]
	at org.springframework.cloud.context.named.NamedContextFactory.destroy(NamedContextFactory.java:113) ~[spring-cloud-context-4.0.3.jar:4.0.3]
	at org.springframework.beans.factory.support.DisposableBeanAdapter.destroy(DisposableBeanAdapter.java:200) ~[spring-beans-6.0.4.jar:6.0.4]
	at org.springframework.beans.factory.support.DefaultSingletonBeanRegistry.destroyBean(DefaultSingletonBeanRegistry.java:587) ~[spring-beans-6.0.4.jar:6.0.4]
	at org.springframework.beans.factory.support.DefaultSingletonBeanRegistry.destroySingleton(DefaultSingletonBeanRegistry.java:559) ~[spring-beans-6.0.4.jar:6.0.4]
	at org.springframework.beans.factory.support.DefaultListableBeanFactory.destroySingleton(DefaultListableBeanFactory.java:1177) ~[spring-beans-6.0.4.jar:6.0.4]
	at org.springframework.beans.factory.support.DefaultSingletonBeanRegistry.destroySingletons(DefaultSingletonBeanRegistry.java:520) ~[spring-beans-6.0.4.jar:6.0.4]
	at org.springframework.beans.factory.support.DefaultListableBeanFactory.destroySingletons(DefaultListableBeanFactory.java:1170) ~[spring-beans-6.0.4.jar:6.0.4]
	at org.springframework.context.support.AbstractApplicationContext.destroyBeans(AbstractApplicationContext.java:1082) ~[spring-context-6.0.4.jar:6.0.4]
	at org.springframework.context.support.AbstractApplicationContext.refresh(AbstractApplicationContext.java:597) ~[spring-context-6.0.4.jar:6.0.4]
	at org.springframework.boot.web.servlet.context.ServletWebServerApplicationContext.refresh(ServletWebServerApplicationContext.java:146) ~[spring-boot-3.0.2.jar:3.0.2]
	at org.springframework.boot.SpringApplication.refresh(SpringApplication.java:730) ~[spring-boot-3.0.2.jar:3.0.2]
	at org.springframework.boot.SpringApplication.refreshContext(SpringApplication.java:432) ~[spring-boot-3.0.2.jar:3.0.2]
	at org.springframework.boot.SpringApplication.run(SpringApplication.java:308) ~[spring-boot-3.0.2.jar:3.0.2]
	at org.springframework.boot.SpringApplication.run(SpringApplication.java:1302) ~[spring-boot-3.0.2.jar:3.0.2]
	at org.springframework.boot.SpringApplication.run(SpringApplication.java:1291) ~[spring-boot-3.0.2.jar:3.0.2]
	at lit.unichristus.edu.br.mssupportequipment.MsreserveequipmentApplication.main(MssupportequipmentApplication.java:14) ~[classes/:na]

2023-07-14T14:50:43.192-03:00  INFO 62902 --- [main] j.LocalContainerEntityManagerFactoryBean : Closing JPA EntityManagerFactory for persistence unit 'default'
2023-07-14T14:50:43.195-03:00  INFO 62902 --- [main] com.zaxxer.hikari.HikariDataSource       : HikariPool-1 - Shutdown initiated...
2023-07-14T14:50:43.228-03:00  INFO 62902 --- [main] com.zaxxer.hikari.HikariDataSource       : HikariPool-1 - Shutdown completed.
2023-07-14T14:50:43.230-03:00  INFO 62902 --- [main] o.apache.catalina.core.StandardService   : Stopping service [Tomcat]
2023-07-14T14:50:43.260-03:00  INFO 62902 --- [main] .s.b.a.l.ConditionEvaluationReportLogger : 

Error starting ApplicationContext. To display the condition evaluation report re-run your application with 'debug' enabled.
2023-07-14T14:50:43.278-03:00 ERROR 62902 --- [main] o.s.boot.SpringApplication               : Application run failed

org.springframework.beans.factory.UnsatisfiedDependencyException: Error creating bean with name 'campusService' defined in file [/home/lit/Área de Trabalho/litapi/mssupportequipment/target/classes/lit/unichristus/edu/br/mssupportequipment/service/CampusService.class]: Unsatisfied dependency expressed through constructor parameter 0: Error creating bean with name 'campusRepository' defined in lit.unichristus.edu.br.mssupportequipment.repository.CampusRepository defined in @EnableJpaRepositories declared on JpaRepositoriesRegistrar.EnableJpaRepositoriesConfiguration: Not a managed type: class lit.unichristus.edu.br.mssupportequipment.models.CampusModel
	at org.springframework.beans.factory.support.ConstructorResolver.createArgumentArray(ConstructorResolver.java:798) ~[spring-beans-6.0.4.jar:6.0.4]
	at org.springframework.beans.factory.support.ConstructorResolver.autowireConstructor(ConstructorResolver.java:245) ~[spring-beans-6.0.4.jar:6.0.4]
	at org.springframework.beans.factory.support.AbstractAutowireCapableBeanFactory.autowireConstructor(AbstractAutowireCapableBeanFactory.java:1344) ~[spring-beans-6.0.4.jar:6.0.4]
	at org.springframework.beans.factory.support.AbstractAutowireCapableBeanFactory.createBeanInstance(AbstractAutowireCapableBeanFactory.java:1188) ~[spring-beans-6.0.4.jar:6.0.4]
	at org.springframework.beans.factory.support.AbstractAutowireCapableBeanFactory.doCreateBean(AbstractAutowireCapableBeanFactory.java:561) ~[spring-beans-6.0.4.jar:6.0.4]
	at org.springframework.beans.factory.support.AbstractAutowireCapableBeanFactory.createBean(AbstractAutowireCapableBeanFactory.java:521) ~[spring-beans-6.0.4.jar:6.0.4]
	at org.springframework.beans.factory.support.AbstractBeanFactory.lambda$doGetBean$0(AbstractBeanFactory.java:326) ~[spring-beans-6.0.4.jar:6.0.4]
	at org.springframework.beans.factory.support.DefaultSingletonBeanRegistry.getSingleton(DefaultSingletonBeanRegistry.java:234) ~[spring-beans-6.0.4.jar:6.0.4]
	at org.springframework.beans.factory.support.AbstractBeanFactory.doGetBean(AbstractBeanFactory.java:324) ~[spring-beans-6.0.4.jar:6.0.4]
	at org.springframework.beans.factory.support.AbstractBeanFactory.getBean(AbstractBeanFactory.java:200) ~[spring-beans-6.0.4.jar:6.0.4]
	at org.springframework.beans.factory.support.DefaultListableBeanFactory.preInstantiateSingletons(DefaultListableBeanFactory.java:961) ~[spring-beans-6.0.4.jar:6.0.4]
	at org.springframework.context.support.AbstractApplicationContext.finishBeanFactoryInitialization(AbstractApplicationContext.java:915) ~[spring-context-6.0.4.jar:6.0.4]
	at org.springframework.context.support.AbstractApplicationContext.refresh(AbstractApplicationContext.java:584) ~[spring-context-6.0.4.jar:6.0.4]
	at org.springframework.boot.web.servlet.context.ServletWebServerApplicationContext.refresh(ServletWebServerApplicationContext.java:146) ~[spring-boot-3.0.2.jar:3.0.2]
	at org.springframework.boot.SpringApplication.refresh(SpringApplication.java:730) ~[spring-boot-3.0.2.jar:3.0.2]
	at org.springframework.boot.SpringApplication.refreshContext(SpringApplication.java:432) ~[spring-boot-3.0.2.jar:3.0.2]
	at org.springframework.boot.SpringApplication.run(SpringApplication.java:308) ~[spring-boot-3.0.2.jar:3.0.2]
	at org.springframework.boot.SpringApplication.run(SpringApplication.java:1302) ~[spring-boot-3.0.2.jar:3.0.2]
	at org.springframework.boot.SpringApplication.run(SpringApplication.java:1291) ~[spring-boot-3.0.2.jar:3.0.2]
	at lit.unichristus.edu.br.mssupportequipment.MsreserveequipmentApplication.main(MssupportequipmentApplication.java:14) ~[classes/:na]
Caused by: org.springframework.beans.factory.BeanCreationException: Error creating bean with name 'campusRepository' defined in lit.unichristus.edu.br.mssupportequipment.repository.CampusRepository defined in @EnableJpaRepositories declared on JpaRepositoriesRegistrar.EnableJpaRepositoriesConfiguration: Not a managed type: class lit.unichristus.edu.br.mssupportequipment.models.CampusModel
	at org.springframework.beans.factory.support.AbstractAutowireCapableBeanFactory.initializeBean(AbstractAutowireCapableBeanFactory.java:1751) ~[spring-beans-6.0.4.jar:6.0.4]
	at org.springframework.beans.factory.support.AbstractAutowireCapableBeanFactory.doCreateBean(AbstractAutowireCapableBeanFactory.java:599) ~[spring-beans-6.0.4.jar:6.0.4]
	at org.springframework.beans.factory.support.AbstractAutowireCapableBeanFactory.createBean(AbstractAutowireCapableBeanFactory.java:521) ~[spring-beans-6.0.4.jar:6.0.4]
	at org.springframework.beans.factory.support.AbstractBeanFactory.lambda$doGetBean$0(AbstractBeanFactory.java:326) ~[spring-beans-6.0.4.jar:6.0.4]
	at org.springframework.beans.factory.support.DefaultSingletonBeanRegistry.getSingleton(DefaultSingletonBeanRegistry.java:234) ~[spring-beans-6.0.4.jar:6.0.4]
	at org.springframework.beans.factory.support.AbstractBeanFactory.doGetBean(AbstractBeanFactory.java:324) ~[spring-beans-6.0.4.jar:6.0.4]
	at org.springframework.beans.factory.support.AbstractBeanFactory.getBean(AbstractBeanFactory.java:200) ~[spring-beans-6.0.4.jar:6.0.4]
	at org.springframework.beans.factory.config.DependencyDescriptor.resolveCandidate(DependencyDescriptor.java:254) ~[spring-beans-6.0.4.jar:6.0.4]
	at org.springframework.beans.factory.support.DefaultListableBeanFactory.doResolveDependency(DefaultListableBeanFactory.java:1405) ~[spring-beans-6.0.4.jar:6.0.4]
	at org.springframework.beans.factory.support.DefaultListableBeanFactory.resolveDependency(DefaultListableBeanFactory.java:1325) ~[spring-beans-6.0.4.jar:6.0.4]
	at org.springframework.beans.factory.support.ConstructorResolver.resolveAutowiredArgument(ConstructorResolver.java:885) ~[spring-beans-6.0.4.jar:6.0.4]
	at org.springframework.beans.factory.support.ConstructorResolver.createArgumentArray(ConstructorResolver.java:789) ~[spring-beans-6.0.4.jar:6.0.4]
	... 19 common frames omitted
Caused by: java.lang.IllegalArgumentException: Not a managed type: class lit.unichristus.edu.br.mssupportequipment.models.CampusModel
	at org.hibernate.metamodel.model.domain.internal.JpaMetamodelImpl.managedType(JpaMetamodelImpl.java:181) ~[hibernate-core-6.1.6.Final.jar:6.1.6.Final]
	at org.hibernate.metamodel.model.domain.internal.MappingMetamodelImpl.managedType(MappingMetamodelImpl.java:496) ~[hibernate-core-6.1.6.Final.jar:6.1.6.Final]
	at org.hibernate.metamodel.model.domain.internal.MappingMetamodelImpl.managedType(MappingMetamodelImpl.java:99) ~[hibernate-core-6.1.6.Final.jar:6.1.6.Final]
	at org.springframework.data.jpa.repository.support.JpaMetamodelEntityInformation.<init>(JpaMetamodelEntityInformation.java:77) ~[spring-data-jpa-3.0.1.jar:3.0.1]
	at org.springframework.data.jpa.repository.support.JpaEntityInformationSupport.getEntityInformation(JpaEntityInformationSupport.java:69) ~[spring-data-jpa-3.0.1.jar:3.0.1]
	at org.springframework.data.jpa.repository.support.JpaRepositoryFactory.getEntityInformation(JpaRepositoryFactory.java:246) ~[spring-data-jpa-3.0.1.jar:3.0.1]
	at org.springframework.data.jpa.repository.support.JpaRepositoryFactory.getTargetRepository(JpaRepositoryFactory.java:211) ~[spring-data-jpa-3.0.1.jar:3.0.1]
	at org.springframework.data.jpa.repository.support.JpaRepositoryFactory.getTargetRepository(JpaRepositoryFactory.java:194) ~[spring-data-jpa-3.0.1.jar:3.0.1]
	at org.springframework.data.jpa.repository.support.JpaRepositoryFactory.getTargetRepository(JpaRepositoryFactory.java:81) ~[spring-data-jpa-3.0.1.jar:3.0.1]
	at org.springframework.data.repository.core.support.RepositoryFactorySupport.getRepository(RepositoryFactorySupport.java:317) ~[spring-data-commons-3.0.1.jar:3.0.1]
	at org.springframework.data.repository.core.support.RepositoryFactoryBeanSupport.lambda$afterPropertiesSet$5(RepositoryFactoryBeanSupport.java:279) ~[spring-data-commons-3.0.1.jar:3.0.1]
	at org.springframework.data.util.Lazy.getNullable(Lazy.java:245) ~[spring-data-commons-3.0.1.jar:3.0.1]
	at org.springframework.data.util.Lazy.get(Lazy.java:114) ~[spring-data-commons-3.0.1.jar:3.0.1]
	at org.springframework.data.repository.core.support.RepositoryFactoryBeanSupport.afterPropertiesSet(RepositoryFactoryBeanSupport.java:285) ~[spring-data-commons-3.0.1.jar:3.0.1]
	at org.springframework.data.jpa.repository.support.JpaRepositoryFactoryBean.afterPropertiesSet(JpaRepositoryFactoryBean.java:132) ~[spring-data-jpa-3.0.1.jar:3.0.1]
	at org.springframework.beans.factory.support.AbstractAutowireCapableBeanFactory.invokeInitMethods(AbstractAutowireCapableBeanFactory.java:1797) ~[spring-beans-6.0.4.jar:6.0.4]
	at org.springframework.beans.factory.support.AbstractAutowireCapableBeanFactory.initializeBean(AbstractAutowireCapableBeanFactory.java:1747) ~[spring-beans-6.0.4.jar:6.0.4]
	... 30 common frames omitted

2023-07-14T15:02:13.705-03:00  INFO 64915 --- [main] c.c.c.ConfigServicePropertySourceLocator : Fetching config from server at : http://localhost:7000
2023-07-14T15:02:13.830-03:00  INFO 64915 --- [main] c.c.c.ConfigServicePropertySourceLocator : Exception on Url - http://localhost:7000:org.springframework.web.client.ResourceAccessException: I/O error on GET request for "http://localhost:7000/mssupportequipment/default": Conexão recusada. Will be trying the next url if available
2023-07-14T15:02:13.831-03:00  WARN 64915 --- [main] c.c.c.ConfigServicePropertySourceLocator : Could not locate PropertySource: I/O error on GET request for "http://localhost:7000/mssupportequipment/default": Conexão recusada
2023-07-14T15:02:13.839-03:00  INFO 64915 --- [main] l.u.e.b.m.MssupportequipmentApplication  : The following 1 profile is active: "default"
2023-07-14T15:02:15.148-03:00  INFO 64915 --- [main] .s.d.r.c.RepositoryConfigurationDelegate : Bootstrapping Spring Data JPA repositories in DEFAULT mode.
2023-07-14T15:02:15.279-03:00  INFO 64915 --- [main] .s.d.r.c.RepositoryConfigurationDelegate : Finished Spring Data repository scanning in 122 ms. Found 1 JPA repository interfaces.
2023-07-14T15:02:15.652-03:00  INFO 64915 --- [main] o.s.cloud.context.scope.GenericScope     : BeanFactory id=bfbb47f7-9fd9-3872-b6f2-3abbe102a1e3
2023-07-14T15:02:15.747-03:00  INFO 64915 --- [main] trationDelegate$BeanPostProcessorChecker : Bean 'lit.unichristus.edu.br.mssupportequipment.clients.CampusClient' of type [org.springframework.cloud.openfeign.FeignClientFactoryBean] is not eligible for getting processed by all BeanPostProcessors (for example: not eligible for auto-proxying)
2023-07-14T15:02:15.900-03:00 ERROR 64915 --- [main] o.a.catalina.core.AprLifecycleListener   : An incompatible version [1.2.31] of the Apache Tomcat Native library is installed, while Tomcat requires version [1.2.34]
2023-07-14T15:02:16.166-03:00  INFO 64915 --- [main] o.s.b.w.embedded.tomcat.TomcatWebServer  : Tomcat initialized with port(s): 0 (http)
2023-07-14T15:02:16.177-03:00  INFO 64915 --- [main] o.apache.catalina.core.StandardService   : Starting service [Tomcat]
2023-07-14T15:02:16.177-03:00  INFO 64915 --- [main] o.apache.catalina.core.StandardEngine    : Starting Servlet engine: [Apache Tomcat/10.1.5]
2023-07-14T15:02:16.292-03:00  INFO 64915 --- [main] o.a.c.c.C.[Tomcat].[localhost].[/]       : Initializing Spring embedded WebApplicationContext
2023-07-14T15:02:16.292-03:00  INFO 64915 --- [main] w.s.c.ServletWebServerApplicationContext : Root WebApplicationContext: initialization completed in 2429 ms
2023-07-14T15:02:16.698-03:00  INFO 64915 --- [main] o.hibernate.jpa.internal.util.LogHelper  : HHH000204: Processing PersistenceUnitInfo [name: default]
2023-07-14T15:02:16.758-03:00  INFO 64915 --- [main] org.hibernate.Version                    : HHH000412: Hibernate ORM core version 6.1.6.Final
2023-07-14T15:02:16.971-03:00  WARN 64915 --- [main] org.hibernate.orm.deprecation            : HHH90000021: Encountered deprecated setting [javax.persistence.sharedCache.mode], use [jakarta.persistence.sharedCache.mode] instead
2023-07-14T15:02:17.094-03:00  INFO 64915 --- [main] com.zaxxer.hikari.HikariDataSource       : HikariPool-1 - Starting...
2023-07-14T15:02:17.523-03:00  INFO 64915 --- [main] com.zaxxer.hikari.pool.HikariPool        : HikariPool-1 - Added connection org.postgresql.jdbc.PgConnection@336070ab
2023-07-14T15:02:17.525-03:00  INFO 64915 --- [main] com.zaxxer.hikari.HikariDataSource       : HikariPool-1 - Start completed.
2023-07-14T15:02:17.579-03:00  INFO 64915 --- [main] SQL dialect                              : HHH000400: Using dialect: org.hibernate.dialect.PostgreSQLDialect
2023-07-14T15:02:18.551-03:00  INFO 64915 --- [main] o.h.e.t.j.p.i.JtaPlatformInitiator       : HHH000490: Using JtaPlatform implementation: [org.hibernate.engine.transaction.jta.platform.internal.NoJtaPlatform]
2023-07-14T15:02:18.560-03:00  INFO 64915 --- [main] j.LocalContainerEntityManagerFactoryBean : Initialized JPA EntityManagerFactory for persistence unit 'default'
2023-07-14T15:02:18.792-03:00  WARN 64915 --- [main] JpaBaseConfiguration$JpaWebConfiguration : spring.jpa.open-in-view is enabled by default. Therefore, database queries may be performed during view rendering. Explicitly configure spring.jpa.open-in-view to disable this warning
2023-07-14T15:02:18.872-03:00  INFO 64915 --- [main] o.s.c.openfeign.FeignClientFactoryBean   : For 'coreservice' URL not provided. Will try picking an instance via load-balancing.
2023-07-14T15:02:21.388-03:00  INFO 64915 --- [main] DiscoveryClientOptionalArgsConfiguration : Eureka HTTP Client uses RestTemplate.
2023-07-14T15:02:21.437-03:00  WARN 64915 --- [main] iguration$LoadBalancerCaffeineWarnLogger : Spring Cloud LoadBalancer is currently working with the default cache. While this cache implementation is useful for development and tests, it's recommended to use Caffeine cache in production.You can switch to using Caffeine cache, by adding it and org.springframework.cache.caffeine.CaffeineCacheManager to the classpath.
2023-07-14T15:02:21.458-03:00  INFO 64915 --- [main] o.s.b.a.e.web.EndpointLinksResolver      : Exposing 17 endpoint(s) beneath base path '/actuator'
2023-07-14T15:02:21.616-03:00  INFO 64915 --- [main] o.s.b.w.embedded.tomcat.TomcatWebServer  : Tomcat started on port(s): 33463 (http) with context path ''
2023-07-14T15:02:21.617-03:00  INFO 64915 --- [main] .s.c.n.e.s.EurekaAutoServiceRegistration : Updating port to 33463
2023-07-14T15:02:21.624-03:00  INFO 64915 --- [main] o.s.c.n.eureka.InstanceInfoFactory       : Setting initial instance status as: STARTING
2023-07-14T15:02:21.704-03:00  INFO 64915 --- [main] com.netflix.discovery.DiscoveryClient    : Initializing Eureka in region us-east-1
2023-07-14T15:02:21.708-03:00  INFO 64915 --- [main] c.n.d.s.r.aws.ConfigClusterResolver      : Resolving eureka endpoints via configuration
2023-07-14T15:02:21.730-03:00  INFO 64915 --- [main] com.netflix.discovery.DiscoveryClient    : Disable delta property : false
2023-07-14T15:02:21.730-03:00  INFO 64915 --- [main] com.netflix.discovery.DiscoveryClient    : Single vip registry refresh property : null
2023-07-14T15:02:21.730-03:00  INFO 64915 --- [main] com.netflix.discovery.DiscoveryClient    : Force full registry fetch : false
2023-07-14T15:02:21.730-03:00  INFO 64915 --- [main] com.netflix.discovery.DiscoveryClient    : Application is null : false
2023-07-14T15:02:21.730-03:00  INFO 64915 --- [main] com.netflix.discovery.DiscoveryClient    : Registered Applications size is zero : true
2023-07-14T15:02:21.730-03:00  INFO 64915 --- [main] com.netflix.discovery.DiscoveryClient    : Application version is -1: true
2023-07-14T15:02:21.730-03:00  INFO 64915 --- [main] com.netflix.discovery.DiscoveryClient    : Getting all instance registry info from the eureka server
2023-07-14T15:02:22.096-03:00  INFO 64915 --- [main] com.netflix.discovery.DiscoveryClient    : The response status is 200
2023-07-14T15:02:22.099-03:00  INFO 64915 --- [main] com.netflix.discovery.DiscoveryClient    : Starting heartbeat executor: renew interval is: 30
2023-07-14T15:02:22.102-03:00  INFO 64915 --- [main] c.n.discovery.InstanceInfoReplicator     : InstanceInfoReplicator onDemand update allowed rate per min is 4
2023-07-14T15:02:22.108-03:00  INFO 64915 --- [main] com.netflix.discovery.DiscoveryClient    : Discovery Client initialized at timestamp 1689357742107 with initial instances count: 3
2023-07-14T15:02:22.112-03:00  INFO 64915 --- [main] o.s.c.n.e.s.EurekaServiceRegistry        : Registering application MSSUPPORTEQUIPMENT with eureka with status UP
2023-07-14T15:02:22.113-03:00  INFO 64915 --- [main] com.netflix.discovery.DiscoveryClient    : Saw local status change event StatusChangeEvent [timestamp=1689357742113, current=UP, previous=STARTING]
2023-07-14T15:02:22.114-03:00  INFO 64915 --- [DiscoveryClient-InstanceInfoReplicator-0] com.netflix.discovery.DiscoveryClient    : DiscoveryClient_MSSUPPORTEQUIPMENT/192.168.43.202:mssupportequipment:4e1b197f37aed0ece90b6273e6c04ff5: registering service...
2023-07-14T15:02:22.157-03:00  INFO 64915 --- [main] l.u.e.b.m.MssupportequipmentApplication  : Started MssupportequipmentApplication in 10.311 seconds (process running for 11.032)
2023-07-14T15:02:22.256-03:00  INFO 64915 --- [DiscoveryClient-InstanceInfoReplicator-0] com.netflix.discovery.DiscoveryClient    : DiscoveryClient_MSSUPPORTEQUIPMENT/192.168.43.202:mssupportequipment:4e1b197f37aed0ece90b6273e6c04ff5 - registration status: 204
2023-07-14T15:02:30.007-03:00  INFO 64915 --- [http-nio-auto-1-exec-1] o.a.c.c.C.[Tomcat].[localhost].[/]       : Initializing Spring DispatcherServlet 'dispatcherServlet'
2023-07-14T15:02:30.008-03:00  INFO 64915 --- [http-nio-auto-1-exec-1] o.s.web.servlet.DispatcherServlet        : Initializing Servlet 'dispatcherServlet'
2023-07-14T15:02:30.015-03:00  INFO 64915 --- [http-nio-auto-1-exec-1] o.s.web.servlet.DispatcherServlet        : Completed initialization in 7 ms
2023-07-14T15:07:21.732-03:00  INFO 64915 --- [AsyncResolver-bootstrap-executor-0] c.n.d.s.r.aws.ConfigClusterResolver      : Resolving eureka endpoints via configuration
2023-07-14T15:12:21.733-03:00  INFO 64915 --- [AsyncResolver-bootstrap-executor-0] c.n.d.s.r.aws.ConfigClusterResolver      : Resolving eureka endpoints via configuration
2023-07-14T15:13:51.813-03:00  INFO 64915 --- [SpringApplicationShutdownHook] o.s.c.n.e.s.EurekaServiceRegistry        : Unregistering application MSSUPPORTEQUIPMENT with eureka with status DOWN
2023-07-14T15:13:51.813-03:00  INFO 64915 --- [SpringApplicationShutdownHook] com.netflix.discovery.DiscoveryClient    : Saw local status change event StatusChangeEvent [timestamp=1689358431813, current=DOWN, previous=UP]
2023-07-14T15:13:51.814-03:00  INFO 64915 --- [DiscoveryClient-InstanceInfoReplicator-0] com.netflix.discovery.DiscoveryClient    : DiscoveryClient_MSSUPPORTEQUIPMENT/192.168.43.202:mssupportequipment:4e1b197f37aed0ece90b6273e6c04ff5: registering service...
2023-07-14T15:13:51.842-03:00  INFO 64915 --- [SpringApplicationShutdownHook] j.LocalContainerEntityManagerFactoryBean : Closing JPA EntityManagerFactory for persistence unit 'default'
2023-07-14T15:13:51.845-03:00  INFO 64915 --- [SpringApplicationShutdownHook] com.zaxxer.hikari.HikariDataSource       : HikariPool-1 - Shutdown initiated...
2023-07-14T15:13:51.868-03:00  INFO 64915 --- [SpringApplicationShutdownHook] com.zaxxer.hikari.HikariDataSource       : HikariPool-1 - Shutdown completed.
2023-07-14T15:13:51.869-03:00  INFO 64915 --- [SpringApplicationShutdownHook] com.netflix.discovery.DiscoveryClient    : Shutting down DiscoveryClient ...
2023-07-14T15:13:51.940-03:00  INFO 64915 --- [DiscoveryClient-InstanceInfoReplicator-0] com.netflix.discovery.DiscoveryClient    : DiscoveryClient_MSSUPPORTEQUIPMENT/192.168.43.202:mssupportequipment:4e1b197f37aed0ece90b6273e6c04ff5 - registration status: 204
2023-07-14T15:13:51.942-03:00  INFO 64915 --- [SpringApplicationShutdownHook] com.netflix.discovery.DiscoveryClient    : Unregistering ...
2023-07-14T15:13:52.047-03:00  INFO 64915 --- [SpringApplicationShutdownHook] com.netflix.discovery.DiscoveryClient    : DiscoveryClient_MSSUPPORTEQUIPMENT/192.168.43.202:mssupportequipment:4e1b197f37aed0ece90b6273e6c04ff5 - deregister  status: 200
2023-07-14T15:13:52.055-03:00  INFO 64915 --- [SpringApplicationShutdownHook] com.netflix.discovery.DiscoveryClient    : Completed shut down of DiscoveryClient
2023-07-14T15:28:59.693-03:00  INFO 69643 --- [main] c.c.c.ConfigServicePropertySourceLocator : Fetching config from server at : http://localhost:7000
2023-07-14T15:28:59.848-03:00  INFO 69643 --- [main] c.c.c.ConfigServicePropertySourceLocator : Exception on Url - http://localhost:7000:org.springframework.web.client.ResourceAccessException: I/O error on GET request for "http://localhost:7000/mssupportequipment/default": Conexão recusada. Will be trying the next url if available
2023-07-14T15:28:59.848-03:00  WARN 69643 --- [main] c.c.c.ConfigServicePropertySourceLocator : Could not locate PropertySource: I/O error on GET request for "http://localhost:7000/mssupportequipment/default": Conexão recusada
2023-07-14T15:28:59.858-03:00  INFO 69643 --- [main] l.u.e.b.m.MssupportequipmentApplication  : The following 1 profile is active: "default"
2023-07-14T15:29:01.198-03:00  INFO 69643 --- [main] .s.d.r.c.RepositoryConfigurationDelegate : Bootstrapping Spring Data JPA repositories in DEFAULT mode.
2023-07-14T15:29:01.336-03:00  INFO 69643 --- [main] .s.d.r.c.RepositoryConfigurationDelegate : Finished Spring Data repository scanning in 128 ms. Found 1 JPA repository interfaces.
2023-07-14T15:29:01.698-03:00  INFO 69643 --- [main] o.s.cloud.context.scope.GenericScope     : BeanFactory id=bfbb47f7-9fd9-3872-b6f2-3abbe102a1e3
2023-07-14T15:29:01.835-03:00  INFO 69643 --- [main] trationDelegate$BeanPostProcessorChecker : Bean 'lit.unichristus.edu.br.mssupportequipment.clients.CampusClient' of type [org.springframework.cloud.openfeign.FeignClientFactoryBean] is not eligible for getting processed by all BeanPostProcessors (for example: not eligible for auto-proxying)
2023-07-14T15:29:02.011-03:00 ERROR 69643 --- [main] o.a.catalina.core.AprLifecycleListener   : An incompatible version [1.2.31] of the Apache Tomcat Native library is installed, while Tomcat requires version [1.2.34]
2023-07-14T15:29:02.426-03:00  INFO 69643 --- [main] o.s.b.w.embedded.tomcat.TomcatWebServer  : Tomcat initialized with port(s): 0 (http)
2023-07-14T15:29:02.439-03:00  INFO 69643 --- [main] o.apache.catalina.core.StandardService   : Starting service [Tomcat]
2023-07-14T15:29:02.439-03:00  INFO 69643 --- [main] o.apache.catalina.core.StandardEngine    : Starting Servlet engine: [Apache Tomcat/10.1.5]
2023-07-14T15:29:02.564-03:00  INFO 69643 --- [main] o.a.c.c.C.[Tomcat].[localhost].[/]       : Initializing Spring embedded WebApplicationContext
2023-07-14T15:29:02.564-03:00  INFO 69643 --- [main] w.s.c.ServletWebServerApplicationContext : Root WebApplicationContext: initialization completed in 2670 ms
2023-07-14T15:29:03.001-03:00  INFO 69643 --- [main] o.hibernate.jpa.internal.util.LogHelper  : HHH000204: Processing PersistenceUnitInfo [name: default]
2023-07-14T15:29:03.072-03:00  INFO 69643 --- [main] org.hibernate.Version                    : HHH000412: Hibernate ORM core version 6.1.6.Final
2023-07-14T15:29:03.261-03:00  WARN 69643 --- [main] org.hibernate.orm.deprecation            : HHH90000021: Encountered deprecated setting [javax.persistence.sharedCache.mode], use [jakarta.persistence.sharedCache.mode] instead
2023-07-14T15:29:03.384-03:00  INFO 69643 --- [main] com.zaxxer.hikari.HikariDataSource       : HikariPool-1 - Starting...
2023-07-14T15:29:03.755-03:00  INFO 69643 --- [main] com.zaxxer.hikari.pool.HikariPool        : HikariPool-1 - Added connection org.postgresql.jdbc.PgConnection@516037be
2023-07-14T15:29:03.758-03:00  INFO 69643 --- [main] com.zaxxer.hikari.HikariDataSource       : HikariPool-1 - Start completed.
2023-07-14T15:29:03.807-03:00  INFO 69643 --- [main] SQL dialect                              : HHH000400: Using dialect: org.hibernate.dialect.PostgreSQLDialect
2023-07-14T15:29:04.925-03:00  INFO 69643 --- [main] o.h.e.t.j.p.i.JtaPlatformInitiator       : HHH000490: Using JtaPlatform implementation: [org.hibernate.engine.transaction.jta.platform.internal.NoJtaPlatform]
2023-07-14T15:29:04.935-03:00  INFO 69643 --- [main] j.LocalContainerEntityManagerFactoryBean : Initialized JPA EntityManagerFactory for persistence unit 'default'
2023-07-14T15:29:05.168-03:00  WARN 69643 --- [main] JpaBaseConfiguration$JpaWebConfiguration : spring.jpa.open-in-view is enabled by default. Therefore, database queries may be performed during view rendering. Explicitly configure spring.jpa.open-in-view to disable this warning
2023-07-14T15:29:05.229-03:00  INFO 69643 --- [main] o.s.c.openfeign.FeignClientFactoryBean   : For 'coreservice' URL not provided. Will try picking an instance via load-balancing.
2023-07-14T15:29:07.547-03:00  INFO 69643 --- [main] DiscoveryClientOptionalArgsConfiguration : Eureka HTTP Client uses RestTemplate.
2023-07-14T15:29:07.585-03:00  WARN 69643 --- [main] iguration$LoadBalancerCaffeineWarnLogger : Spring Cloud LoadBalancer is currently working with the default cache. While this cache implementation is useful for development and tests, it's recommended to use Caffeine cache in production.You can switch to using Caffeine cache, by adding it and org.springframework.cache.caffeine.CaffeineCacheManager to the classpath.
2023-07-14T15:29:07.603-03:00  INFO 69643 --- [main] o.s.b.a.e.web.EndpointLinksResolver      : Exposing 17 endpoint(s) beneath base path '/actuator'
2023-07-14T15:29:07.708-03:00  INFO 69643 --- [main] o.s.b.w.embedded.tomcat.TomcatWebServer  : Tomcat started on port(s): 44297 (http) with context path ''
2023-07-14T15:29:07.710-03:00  INFO 69643 --- [main] .s.c.n.e.s.EurekaAutoServiceRegistration : Updating port to 44297
2023-07-14T15:29:07.715-03:00  INFO 69643 --- [main] o.s.c.n.eureka.InstanceInfoFactory       : Setting initial instance status as: STARTING
2023-07-14T15:29:07.812-03:00  INFO 69643 --- [main] com.netflix.discovery.DiscoveryClient    : Initializing Eureka in region us-east-1
2023-07-14T15:29:07.817-03:00  INFO 69643 --- [main] c.n.d.s.r.aws.ConfigClusterResolver      : Resolving eureka endpoints via configuration
2023-07-14T15:29:07.837-03:00  INFO 69643 --- [main] com.netflix.discovery.DiscoveryClient    : Disable delta property : false
2023-07-14T15:29:07.838-03:00  INFO 69643 --- [main] com.netflix.discovery.DiscoveryClient    : Single vip registry refresh property : null
2023-07-14T15:29:07.838-03:00  INFO 69643 --- [main] com.netflix.discovery.DiscoveryClient    : Force full registry fetch : false
2023-07-14T15:29:07.838-03:00  INFO 69643 --- [main] com.netflix.discovery.DiscoveryClient    : Application is null : false
2023-07-14T15:29:07.838-03:00  INFO 69643 --- [main] com.netflix.discovery.DiscoveryClient    : Registered Applications size is zero : true
2023-07-14T15:29:07.838-03:00  INFO 69643 --- [main] com.netflix.discovery.DiscoveryClient    : Application version is -1: true
2023-07-14T15:29:07.838-03:00  INFO 69643 --- [main] com.netflix.discovery.DiscoveryClient    : Getting all instance registry info from the eureka server
2023-07-14T15:29:08.146-03:00  INFO 69643 --- [main] com.netflix.discovery.DiscoveryClient    : The response status is 200
2023-07-14T15:29:08.150-03:00  INFO 69643 --- [main] com.netflix.discovery.DiscoveryClient    : Starting heartbeat executor: renew interval is: 30
2023-07-14T15:29:08.154-03:00  INFO 69643 --- [main] c.n.discovery.InstanceInfoReplicator     : InstanceInfoReplicator onDemand update allowed rate per min is 4
2023-07-14T15:29:08.160-03:00  INFO 69643 --- [main] com.netflix.discovery.DiscoveryClient    : Discovery Client initialized at timestamp 1689359348159 with initial instances count: 3
2023-07-14T15:29:08.163-03:00  INFO 69643 --- [main] o.s.c.n.e.s.EurekaServiceRegistry        : Registering application MSSUPPORTEQUIPMENT with eureka with status UP
2023-07-14T15:29:08.164-03:00  INFO 69643 --- [main] com.netflix.discovery.DiscoveryClient    : Saw local status change event StatusChangeEvent [timestamp=1689359348164, current=UP, previous=STARTING]
2023-07-14T15:29:08.166-03:00  INFO 69643 --- [DiscoveryClient-InstanceInfoReplicator-0] com.netflix.discovery.DiscoveryClient    : DiscoveryClient_MSSUPPORTEQUIPMENT/192.168.43.202:mssupportequipment:5aa2ba5e772b38278dc380a5cd4c85f4: registering service...
2023-07-14T15:29:08.201-03:00  INFO 69643 --- [main] l.u.e.b.m.MssupportequipmentApplication  : Started MssupportequipmentApplication in 10.39 seconds (process running for 11.179)
2023-07-14T15:29:08.313-03:00  INFO 69643 --- [DiscoveryClient-InstanceInfoReplicator-0] com.netflix.discovery.DiscoveryClient    : DiscoveryClient_MSSUPPORTEQUIPMENT/192.168.43.202:mssupportequipment:5aa2ba5e772b38278dc380a5cd4c85f4 - registration status: 204
2023-07-14T15:29:19.302-03:00  INFO 69643 --- [http-nio-auto-1-exec-1] o.a.c.c.C.[Tomcat].[localhost].[/]       : Initializing Spring DispatcherServlet 'dispatcherServlet'
2023-07-14T15:29:19.303-03:00  INFO 69643 --- [http-nio-auto-1-exec-1] o.s.web.servlet.DispatcherServlet        : Initializing Servlet 'dispatcherServlet'
2023-07-14T15:29:19.305-03:00  INFO 69643 --- [http-nio-auto-1-exec-1] o.s.web.servlet.DispatcherServlet        : Completed initialization in 2 ms
2023-07-14T15:29:39.456-03:00  WARN 69643 --- [http-nio-auto-1-exec-2] .w.s.m.s.DefaultHandlerExceptionResolver : Resolved [org.springframework.web.HttpRequestMethodNotSupportedException: Request method 'GET' is not supported]
2023-07-14T15:34:07.840-03:00  INFO 69643 --- [AsyncResolver-bootstrap-executor-0] c.n.d.s.r.aws.ConfigClusterResolver      : Resolving eureka endpoints via configuration
2023-07-14T15:39:07.841-03:00  INFO 69643 --- [AsyncResolver-bootstrap-executor-0] c.n.d.s.r.aws.ConfigClusterResolver      : Resolving eureka endpoints via configuration
2023-07-14T15:44:07.842-03:00  INFO 69643 --- [AsyncResolver-bootstrap-executor-0] c.n.d.s.r.aws.ConfigClusterResolver      : Resolving eureka endpoints via configuration
2023-07-14T15:49:07.843-03:00  INFO 69643 --- [AsyncResolver-bootstrap-executor-0] c.n.d.s.r.aws.ConfigClusterResolver      : Resolving eureka endpoints via configuration
2023-07-14T15:54:07.844-03:00  INFO 69643 --- [AsyncResolver-bootstrap-executor-0] c.n.d.s.r.aws.ConfigClusterResolver      : Resolving eureka endpoints via configuration
2023-07-14T15:59:07.845-03:00  INFO 69643 --- [AsyncResolver-bootstrap-executor-0] c.n.d.s.r.aws.ConfigClusterResolver      : Resolving eureka endpoints via configuration
2023-07-14T16:04:07.845-03:00  INFO 69643 --- [AsyncResolver-bootstrap-executor-0] c.n.d.s.r.aws.ConfigClusterResolver      : Resolving eureka endpoints via configuration
2023-07-14T16:09:07.846-03:00  INFO 69643 --- [AsyncResolver-bootstrap-executor-0] c.n.d.s.r.aws.ConfigClusterResolver      : Resolving eureka endpoints via configuration
2023-07-14T16:09:07.959-03:00  INFO 69643 --- [SpringApplicationShutdownHook] o.s.c.n.e.s.EurekaServiceRegistry        : Unregistering application MSSUPPORTEQUIPMENT with eureka with status DOWN
2023-07-14T16:09:07.960-03:00  INFO 69643 --- [SpringApplicationShutdownHook] com.netflix.discovery.DiscoveryClient    : Saw local status change event StatusChangeEvent [timestamp=1689361747960, current=DOWN, previous=UP]
2023-07-14T16:09:07.961-03:00  INFO 69643 --- [DiscoveryClient-InstanceInfoReplicator-0] com.netflix.discovery.DiscoveryClient    : DiscoveryClient_MSSUPPORTEQUIPMENT/192.168.43.202:mssupportequipment:5aa2ba5e772b38278dc380a5cd4c85f4: registering service...
2023-07-14T16:09:07.993-03:00  INFO 69643 --- [SpringApplicationShutdownHook] j.LocalContainerEntityManagerFactoryBean : Closing JPA EntityManagerFactory for persistence unit 'default'
2023-07-14T16:09:07.996-03:00  INFO 69643 --- [SpringApplicationShutdownHook] com.zaxxer.hikari.HikariDataSource       : HikariPool-1 - Shutdown initiated...
2023-07-14T16:09:08.016-03:00  INFO 69643 --- [SpringApplicationShutdownHook] com.zaxxer.hikari.HikariDataSource       : HikariPool-1 - Shutdown completed.
2023-07-14T16:09:08.017-03:00  INFO 69643 --- [SpringApplicationShutdownHook] com.netflix.discovery.DiscoveryClient    : Shutting down DiscoveryClient ...
2023-07-14T16:09:08.084-03:00  INFO 69643 --- [DiscoveryClient-InstanceInfoReplicator-0] com.netflix.discovery.DiscoveryClient    : DiscoveryClient_MSSUPPORTEQUIPMENT/192.168.43.202:mssupportequipment:5aa2ba5e772b38278dc380a5cd4c85f4 - registration status: 204
2023-07-14T16:09:08.086-03:00  INFO 69643 --- [SpringApplicationShutdownHook] com.netflix.discovery.DiscoveryClient    : Unregistering ...
2023-07-14T16:09:08.186-03:00  INFO 69643 --- [SpringApplicationShutdownHook] com.netflix.discovery.DiscoveryClient    : DiscoveryClient_MSSUPPORTEQUIPMENT/192.168.43.202:mssupportequipment:5aa2ba5e772b38278dc380a5cd4c85f4 - deregister  status: 200
2023-07-14T16:09:08.191-03:00  INFO 69643 --- [SpringApplicationShutdownHook] com.netflix.discovery.DiscoveryClient    : Completed shut down of DiscoveryClient
