2023-07-14T09:26:20.983-03:00  INFO 9377 --- [main] c.c.c.ConfigServicePropertySourceLocator : Fetching config from server at : http://localhost:7000
2023-07-14T09:26:21.210-03:00  INFO 9377 --- [main] c.c.c.ConfigServicePropertySourceLocator : Exception on Url - http://localhost:7000:org.springframework.web.client.ResourceAccessException: I/O error on GET request for "http://localhost:7000/mssupportequipment/default": Conex達o recusada. Will be trying the next url if available
2023-07-14T09:26:21.211-03:00  WARN 9377 --- [main] c.c.c.ConfigServicePropertySourceLocator : Could not locate PropertySource: I/O error on GET request for "http://localhost:7000/mssupportequipment/default": Conex達o recusada
2023-07-14T09:26:21.217-03:00  INFO 9377 --- [main] l.u.e.b.m.MssupportequipmentApplication  : The following 1 profile is active: "default"
2023-07-14T09:26:22.478-03:00  INFO 9377 --- [main] .s.d.r.c.RepositoryConfigurationDelegate : Bootstrapping Spring Data JPA repositories in DEFAULT mode.
2023-07-14T09:26:22.618-03:00  INFO 9377 --- [main] .s.d.r.c.RepositoryConfigurationDelegate : Finished Spring Data repository scanning in 129 ms. Found 1 JPA repository interfaces.
2023-07-14T09:26:23.047-03:00  INFO 9377 --- [main] o.s.cloud.context.scope.GenericScope     : BeanFactory id=5889cdd3-4d5a-37ea-a1e6-f03ae67b46f3
2023-07-14T09:26:23.300-03:00 ERROR 9377 --- [main] o.a.catalina.core.AprLifecycleListener   : An incompatible version [1.2.31] of the Apache Tomcat Native library is installed, while Tomcat requires version [1.2.34]
2023-07-14T09:26:23.627-03:00  INFO 9377 --- [main] o.s.b.w.embedded.tomcat.TomcatWebServer  : Tomcat initialized with port(s): 0 (http)
2023-07-14T09:26:23.639-03:00  INFO 9377 --- [main] o.apache.catalina.core.StandardService   : Starting service [Tomcat]
2023-07-14T09:26:23.639-03:00  INFO 9377 --- [main] o.apache.catalina.core.StandardEngine    : Starting Servlet engine: [Apache Tomcat/10.1.5]
2023-07-14T09:26:23.755-03:00  INFO 9377 --- [main] o.a.c.c.C.[Tomcat].[localhost].[/]       : Initializing Spring embedded WebApplicationContext
2023-07-14T09:26:23.756-03:00  INFO 9377 --- [main] w.s.c.ServletWebServerApplicationContext : Root WebApplicationContext: initialization completed in 2514 ms
2023-07-14T09:26:24.144-03:00  INFO 9377 --- [main] o.hibernate.jpa.internal.util.LogHelper  : HHH000204: Processing PersistenceUnitInfo [name: default]
2023-07-14T09:26:24.201-03:00  INFO 9377 --- [main] org.hibernate.Version                    : HHH000412: Hibernate ORM core version 6.1.6.Final
2023-07-14T09:26:24.441-03:00  WARN 9377 --- [main] org.hibernate.orm.deprecation            : HHH90000021: Encountered deprecated setting [javax.persistence.sharedCache.mode], use [jakarta.persistence.sharedCache.mode] instead
2023-07-14T09:26:24.574-03:00  INFO 9377 --- [main] com.zaxxer.hikari.HikariDataSource       : HikariPool-1 - Starting...
2023-07-14T09:26:25.095-03:00  INFO 9377 --- [main] com.zaxxer.hikari.pool.HikariPool        : HikariPool-1 - Added connection org.postgresql.jdbc.PgConnection@64f33dee
2023-07-14T09:26:25.098-03:00  INFO 9377 --- [main] com.zaxxer.hikari.HikariDataSource       : HikariPool-1 - Start completed.
2023-07-14T09:26:25.165-03:00  INFO 9377 --- [main] SQL dialect                              : HHH000400: Using dialect: org.hibernate.dialect.PostgreSQLDialect
2023-07-14T09:26:26.660-03:00  WARN 9377 --- [main] o.h.engine.jdbc.spi.SqlExceptionHelper   : SQL Warning Code: 0, SQLState: 00000
2023-07-14T09:26:26.660-03:00  WARN 9377 --- [main] o.h.engine.jdbc.spi.SqlExceptionHelper   : constraint "uk_djpbhgpanffbcmge98xlarjjw" of relation "room" does not exist, skipping
2023-07-14T09:26:26.672-03:00  WARN 9377 --- [main] o.h.engine.jdbc.spi.SqlExceptionHelper   : SQL Warning Code: 0, SQLState: 00000
2023-07-14T09:26:26.672-03:00  WARN 9377 --- [main] o.h.engine.jdbc.spi.SqlExceptionHelper   : constraint "uk_a2refwleh201u0cp6bd6tvv3v" of relation "support_equipment" does not exist, skipping
2023-07-14T09:26:26.731-03:00  INFO 9377 --- [main] o.h.e.t.j.p.i.JtaPlatformInitiator       : HHH000490: Using JtaPlatform implementation: [org.hibernate.engine.transaction.jta.platform.internal.NoJtaPlatform]
2023-07-14T09:26:26.740-03:00  INFO 9377 --- [main] j.LocalContainerEntityManagerFactoryBean : Initialized JPA EntityManagerFactory for persistence unit 'default'
2023-07-14T09:26:27.459-03:00  WARN 9377 --- [main] JpaBaseConfiguration$JpaWebConfiguration : spring.jpa.open-in-view is enabled by default. Therefore, database queries may be performed during view rendering. Explicitly configure spring.jpa.open-in-view to disable this warning
2023-07-14T09:26:29.351-03:00  INFO 9377 --- [main] DiscoveryClientOptionalArgsConfiguration : Eureka HTTP Client uses RestTemplate.
2023-07-14T09:26:29.441-03:00  WARN 9377 --- [main] iguration$LoadBalancerCaffeineWarnLogger : Spring Cloud LoadBalancer is currently working with the default cache. While this cache implementation is useful for development and tests, it's recommended to use Caffeine cache in production.You can switch to using Caffeine cache, by adding it and org.springframework.cache.caffeine.CaffeineCacheManager to the classpath.
2023-07-14T09:26:29.451-03:00  INFO 9377 --- [main] o.s.b.a.e.web.EndpointLinksResolver      : Exposing 17 endpoint(s) beneath base path '/actuator'
2023-07-14T09:26:29.617-03:00  INFO 9377 --- [main] o.s.b.w.embedded.tomcat.TomcatWebServer  : Tomcat started on port(s): 39417 (http) with context path ''
2023-07-14T09:26:29.619-03:00  INFO 9377 --- [main] .s.c.n.e.s.EurekaAutoServiceRegistration : Updating port to 39417
2023-07-14T09:26:29.624-03:00  INFO 9377 --- [main] o.s.c.n.eureka.InstanceInfoFactory       : Setting initial instance status as: STARTING
2023-07-14T09:26:29.703-03:00  INFO 9377 --- [main] com.netflix.discovery.DiscoveryClient    : Initializing Eureka in region us-east-1
2023-07-14T09:26:29.707-03:00  INFO 9377 --- [main] c.n.d.s.r.aws.ConfigClusterResolver      : Resolving eureka endpoints via configuration
2023-07-14T09:26:29.727-03:00  INFO 9377 --- [main] com.netflix.discovery.DiscoveryClient    : Disable delta property : false
2023-07-14T09:26:29.727-03:00  INFO 9377 --- [main] com.netflix.discovery.DiscoveryClient    : Single vip registry refresh property : null
2023-07-14T09:26:29.727-03:00  INFO 9377 --- [main] com.netflix.discovery.DiscoveryClient    : Force full registry fetch : false
2023-07-14T09:26:29.727-03:00  INFO 9377 --- [main] com.netflix.discovery.DiscoveryClient    : Application is null : false
2023-07-14T09:26:29.727-03:00  INFO 9377 --- [main] com.netflix.discovery.DiscoveryClient    : Registered Applications size is zero : true
2023-07-14T09:26:29.728-03:00  INFO 9377 --- [main] com.netflix.discovery.DiscoveryClient    : Application version is -1: true
2023-07-14T09:26:29.728-03:00  INFO 9377 --- [main] com.netflix.discovery.DiscoveryClient    : Getting all instance registry info from the eureka server
2023-07-14T09:26:30.053-03:00  INFO 9377 --- [main] com.netflix.discovery.DiscoveryClient    : The response status is 200
2023-07-14T09:26:30.056-03:00  INFO 9377 --- [main] com.netflix.discovery.DiscoveryClient    : Starting heartbeat executor: renew interval is: 30
2023-07-14T09:26:30.060-03:00  INFO 9377 --- [main] c.n.discovery.InstanceInfoReplicator     : InstanceInfoReplicator onDemand update allowed rate per min is 4
2023-07-14T09:26:30.068-03:00  INFO 9377 --- [main] com.netflix.discovery.DiscoveryClient    : Discovery Client initialized at timestamp 1689337590067 with initial instances count: 3
2023-07-14T09:26:30.072-03:00  INFO 9377 --- [main] o.s.c.n.e.s.EurekaServiceRegistry        : Registering application MSSUPPORTEQUIPMENT with eureka with status UP
2023-07-14T09:26:30.073-03:00  INFO 9377 --- [main] com.netflix.discovery.DiscoveryClient    : Saw local status change event StatusChangeEvent [timestamp=1689337590073, current=UP, previous=STARTING]
2023-07-14T09:26:30.074-03:00  INFO 9377 --- [DiscoveryClient-InstanceInfoReplicator-0] com.netflix.discovery.DiscoveryClient    : DiscoveryClient_MSSUPPORTEQUIPMENT/192.168.43.202:mssupportequipment:6c14c033279e2b940db3d4616fe4ebe3: registering service...
2023-07-14T09:26:30.117-03:00  INFO 9377 --- [main] l.u.e.b.m.MssupportequipmentApplication  : Started MssupportequipmentApplication in 10.906 seconds (process running for 11.525)
2023-07-14T09:26:30.248-03:00  INFO 9377 --- [DiscoveryClient-InstanceInfoReplicator-0] com.netflix.discovery.DiscoveryClient    : DiscoveryClient_MSSUPPORTEQUIPMENT/192.168.43.202:mssupportequipment:6c14c033279e2b940db3d4616fe4ebe3 - registration status: 204
2023-07-14T09:31:29.730-03:00  INFO 9377 --- [AsyncResolver-bootstrap-executor-0] c.n.d.s.r.aws.ConfigClusterResolver      : Resolving eureka endpoints via configuration
2023-07-14T09:36:29.731-03:00  INFO 9377 --- [AsyncResolver-bootstrap-executor-0] c.n.d.s.r.aws.ConfigClusterResolver      : Resolving eureka endpoints via configuration
2023-07-14T09:41:29.731-03:00  INFO 9377 --- [AsyncResolver-bootstrap-executor-0] c.n.d.s.r.aws.ConfigClusterResolver      : Resolving eureka endpoints via configuration
2023-07-14T09:46:29.732-03:00  INFO 9377 --- [AsyncResolver-bootstrap-executor-0] c.n.d.s.r.aws.ConfigClusterResolver      : Resolving eureka endpoints via configuration
2023-07-14T09:51:29.733-03:00  INFO 9377 --- [AsyncResolver-bootstrap-executor-0] c.n.d.s.r.aws.ConfigClusterResolver      : Resolving eureka endpoints via configuration
2023-07-14T09:56:29.734-03:00  INFO 9377 --- [AsyncResolver-bootstrap-executor-0] c.n.d.s.r.aws.ConfigClusterResolver      : Resolving eureka endpoints via configuration
2023-07-14T10:01:29.735-03:00  INFO 9377 --- [AsyncResolver-bootstrap-executor-0] c.n.d.s.r.aws.ConfigClusterResolver      : Resolving eureka endpoints via configuration
2023-07-14T10:06:29.736-03:00  INFO 9377 --- [AsyncResolver-bootstrap-executor-0] c.n.d.s.r.aws.ConfigClusterResolver      : Resolving eureka endpoints via configuration
2023-07-14T10:11:29.737-03:00  INFO 9377 --- [AsyncResolver-bootstrap-executor-0] c.n.d.s.r.aws.ConfigClusterResolver      : Resolving eureka endpoints via configuration
2023-07-14T10:16:29.738-03:00  INFO 9377 --- [AsyncResolver-bootstrap-executor-0] c.n.d.s.r.aws.ConfigClusterResolver      : Resolving eureka endpoints via configuration
2023-07-14T10:21:29.739-03:00  INFO 9377 --- [AsyncResolver-bootstrap-executor-0] c.n.d.s.r.aws.ConfigClusterResolver      : Resolving eureka endpoints via configuration
2023-07-14T10:26:29.741-03:00  INFO 9377 --- [AsyncResolver-bootstrap-executor-0] c.n.d.s.r.aws.ConfigClusterResolver      : Resolving eureka endpoints via configuration
2023-07-14T10:31:29.742-03:00  INFO 9377 --- [AsyncResolver-bootstrap-executor-0] c.n.d.s.r.aws.ConfigClusterResolver      : Resolving eureka endpoints via configuration
2023-07-14T10:36:29.743-03:00  INFO 9377 --- [AsyncResolver-bootstrap-executor-0] c.n.d.s.r.aws.ConfigClusterResolver      : Resolving eureka endpoints via configuration
2023-07-14T10:41:29.744-03:00  INFO 9377 --- [AsyncResolver-bootstrap-executor-0] c.n.d.s.r.aws.ConfigClusterResolver      : Resolving eureka endpoints via configuration
2023-07-14T10:46:29.747-03:00  INFO 9377 --- [AsyncResolver-bootstrap-executor-0] c.n.d.s.r.aws.ConfigClusterResolver      : Resolving eureka endpoints via configuration
2023-07-14T10:51:29.748-03:00  INFO 9377 --- [AsyncResolver-bootstrap-executor-0] c.n.d.s.r.aws.ConfigClusterResolver      : Resolving eureka endpoints via configuration
2023-07-14T10:52:33.257-03:00  INFO 9377 --- [SpringApplicationShutdownHook] o.s.c.n.e.s.EurekaServiceRegistry        : Unregistering application MSSUPPORTEQUIPMENT with eureka with status DOWN
2023-07-14T10:52:33.258-03:00  INFO 9377 --- [SpringApplicationShutdownHook] com.netflix.discovery.DiscoveryClient    : Saw local status change event StatusChangeEvent [timestamp=1689342753258, current=DOWN, previous=UP]
2023-07-14T10:52:33.262-03:00  INFO 9377 --- [DiscoveryClient-InstanceInfoReplicator-0] com.netflix.discovery.DiscoveryClient    : DiscoveryClient_MSSUPPORTEQUIPMENT/192.168.43.202:mssupportequipment:6c14c033279e2b940db3d4616fe4ebe3: registering service...
2023-07-14T10:52:33.297-03:00  INFO 9377 --- [SpringApplicationShutdownHook] j.LocalContainerEntityManagerFactoryBean : Closing JPA EntityManagerFactory for persistence unit 'default'
2023-07-14T10:52:33.300-03:00  INFO 9377 --- [SpringApplicationShutdownHook] com.zaxxer.hikari.HikariDataSource       : HikariPool-1 - Shutdown initiated...
2023-07-14T10:52:33.321-03:00  INFO 9377 --- [SpringApplicationShutdownHook] com.zaxxer.hikari.HikariDataSource       : HikariPool-1 - Shutdown completed.
2023-07-14T10:52:33.322-03:00  INFO 9377 --- [SpringApplicationShutdownHook] com.netflix.discovery.DiscoveryClient    : Shutting down DiscoveryClient ...
2023-07-14T10:52:33.388-03:00  INFO 9377 --- [DiscoveryClient-InstanceInfoReplicator-0] com.netflix.discovery.DiscoveryClient    : DiscoveryClient_MSSUPPORTEQUIPMENT/192.168.43.202:mssupportequipment:6c14c033279e2b940db3d4616fe4ebe3 - registration status: 204
2023-07-14T10:52:33.390-03:00  INFO 9377 --- [SpringApplicationShutdownHook] com.netflix.discovery.DiscoveryClient    : Unregistering ...
2023-07-14T10:52:33.495-03:00  INFO 9377 --- [SpringApplicationShutdownHook] com.netflix.discovery.DiscoveryClient    : DiscoveryClient_MSSUPPORTEQUIPMENT/192.168.43.202:mssupportequipment:6c14c033279e2b940db3d4616fe4ebe3 - deregister  status: 200
2023-07-14T10:52:33.500-03:00  INFO 9377 --- [SpringApplicationShutdownHook] com.netflix.discovery.DiscoveryClient    : Completed shut down of DiscoveryClient
2023-07-14T14:44:06.630-03:00  INFO 61577 --- [main] c.c.c.ConfigServicePropertySourceLocator : Fetching config from server at : http://localhost:7000
2023-07-14T14:44:06.767-03:00  INFO 61577 --- [main] c.c.c.ConfigServicePropertySourceLocator : Exception on Url - http://localhost:7000:org.springframework.web.client.ResourceAccessException: I/O error on GET request for "http://localhost:7000/mssupportequipment/default": Conex達o recusada. Will be trying the next url if available
2023-07-14T14:44:06.768-03:00  WARN 61577 --- [main] c.c.c.ConfigServicePropertySourceLocator : Could not locate PropertySource: I/O error on GET request for "http://localhost:7000/mssupportequipment/default": Conex達o recusada
2023-07-14T14:44:06.775-03:00  INFO 61577 --- [main] l.u.e.b.m.MssupportequipmentApplication  : The following 1 profile is active: "default"
2023-07-14T14:44:08.061-03:00  INFO 61577 --- [main] .s.d.r.c.RepositoryConfigurationDelegate : Bootstrapping Spring Data JPA repositories in DEFAULT mode.
2023-07-14T14:44:08.201-03:00  INFO 61577 --- [main] .s.d.r.c.RepositoryConfigurationDelegate : Finished Spring Data repository scanning in 130 ms. Found 2 JPA repository interfaces.
2023-07-14T14:44:08.582-03:00  INFO 61577 --- [main] o.s.cloud.context.scope.GenericScope     : BeanFactory id=996449d2-6c77-3030-824b-436e0753be47
2023-07-14T14:44:08.683-03:00  INFO 61577 --- [main] trationDelegate$BeanPostProcessorChecker : Bean 'lit.unichristus.edu.br.mssupportequipment.clients.CampusClient' of type [org.springframework.cloud.openfeign.FeignClientFactoryBean] is not eligible for getting processed by all BeanPostProcessors (for example: not eligible for auto-proxying)
2023-07-14T14:44:08.845-03:00 ERROR 61577 --- [main] o.a.catalina.core.AprLifecycleListener   : An incompatible version [1.2.31] of the Apache Tomcat Native library is installed, while Tomcat requires version [1.2.34]
2023-07-14T14:44:09.116-03:00  INFO 61577 --- [main] o.s.b.w.embedded.tomcat.TomcatWebServer  : Tomcat initialized with port(s): 0 (http)
2023-07-14T14:44:09.128-03:00  INFO 61577 --- [main] o.apache.catalina.core.StandardService   : Starting service [Tomcat]
2023-07-14T14:44:09.130-03:00  INFO 61577 --- [main] o.apache.catalina.core.StandardEngine    : Starting Servlet engine: [Apache Tomcat/10.1.5]
2023-07-14T14:44:09.247-03:00  INFO 61577 --- [main] o.a.c.c.C.[Tomcat].[localhost].[/]       : Initializing Spring embedded WebApplicationContext
2023-07-14T14:44:09.248-03:00  INFO 61577 --- [main] w.s.c.ServletWebServerApplicationContext : Root WebApplicationContext: initialization completed in 2409 ms
2023-07-14T14:44:09.647-03:00  INFO 61577 --- [main] o.hibernate.jpa.internal.util.LogHelper  : HHH000204: Processing PersistenceUnitInfo [name: default]
2023-07-14T14:44:09.695-03:00  INFO 61577 --- [main] org.hibernate.Version                    : HHH000412: Hibernate ORM core version 6.1.6.Final
2023-07-14T14:44:09.856-03:00  WARN 61577 --- [main] org.hibernate.orm.deprecation            : HHH90000021: Encountered deprecated setting [javax.persistence.sharedCache.mode], use [jakarta.persistence.sharedCache.mode] instead
2023-07-14T14:44:09.987-03:00  INFO 61577 --- [main] com.zaxxer.hikari.HikariDataSource       : HikariPool-1 - Starting...
2023-07-14T14:44:10.342-03:00  INFO 61577 --- [main] com.zaxxer.hikari.pool.HikariPool        : HikariPool-1 - Added connection org.postgresql.jdbc.PgConnection@363fe35a
2023-07-14T14:44:10.344-03:00  INFO 61577 --- [main] com.zaxxer.hikari.HikariDataSource       : HikariPool-1 - Start completed.
2023-07-14T14:44:10.404-03:00  INFO 61577 --- [main] SQL dialect                              : HHH000400: Using dialect: org.hibernate.dialect.PostgreSQLDialect
2023-07-14T14:44:10.638-03:00 ERROR 61577 --- [main] j.LocalContainerEntityManagerFactoryBean : Failed to initialize JPA EntityManagerFactory: Association 'lit.unichristus.edu.br.mssupportequipment.models.SupportEquipmentModel.campus' targets an unknown entity named 'lit.unichristus.edu.br.mssupportequipment.models.CampusModel'
2023-07-14T14:44:10.639-03:00  WARN 61577 --- [main] ConfigServletWebServerApplicationContext : Exception encountered during context initialization - cancelling refresh attempt: org.springframework.beans.factory.BeanCreationException: Error creating bean with name 'entityManagerFactory' defined in class path resource [org/springframework/boot/autoconfigure/orm/jpa/HibernateJpaConfiguration.class]: Association 'lit.unichristus.edu.br.mssupportequipment.models.SupportEquipmentModel.campus' targets an unknown entity named 'lit.unichristus.edu.br.mssupportequipment.models.CampusModel'
2023-07-14T14:44:10.640-03:00  INFO 61577 --- [main] com.zaxxer.hikari.HikariDataSource       : HikariPool-1 - Shutdown initiated...
2023-07-14T14:44:10.657-03:00  INFO 61577 --- [main] com.zaxxer.hikari.HikariDataSource       : HikariPool-1 - Shutdown completed.
2023-07-14T14:44:10.659-03:00  INFO 61577 --- [main] o.apache.catalina.core.StandardService   : Stopping service [Tomcat]
2023-07-14T14:44:10.689-03:00  INFO 61577 --- [main] .s.b.a.l.ConditionEvaluationReportLogger : 

Error starting ApplicationContext. To display the condition evaluation report re-run your application with 'debug' enabled.
2023-07-14T14:44:10.710-03:00 ERROR 61577 --- [main] o.s.boot.SpringApplication               : Application run failed

org.springframework.beans.factory.BeanCreationException: Error creating bean with name 'entityManagerFactory' defined in class path resource [org/springframework/boot/autoconfigure/orm/jpa/HibernateJpaConfiguration.class]: Association 'lit.unichristus.edu.br.mssupportequipment.models.SupportEquipmentModel.campus' targets an unknown entity named 'lit.unichristus.edu.br.mssupportequipment.models.CampusModel'
	at org.springframework.beans.factory.support.AbstractAutowireCapableBeanFactory.initializeBean(AbstractAutowireCapableBeanFactory.java:1751) ~[spring-beans-6.0.4.jar:6.0.4]
	at org.springframework.beans.factory.support.AbstractAutowireCapableBeanFactory.doCreateBean(AbstractAutowireCapableBeanFactory.java:599) ~[spring-beans-6.0.4.jar:6.0.4]
	at org.springframework.beans.factory.support.AbstractAutowireCapableBeanFactory.createBean(AbstractAutowireCapableBeanFactory.java:521) ~[spring-beans-6.0.4.jar:6.0.4]
	at org.springframework.beans.factory.support.AbstractBeanFactory.lambda$doGetBean$0(AbstractBeanFactory.java:326) ~[spring-beans-6.0.4.jar:6.0.4]
	at org.springframework.beans.factory.support.DefaultSingletonBeanRegistry.getSingleton(DefaultSingletonBeanRegistry.java:234) ~[spring-beans-6.0.4.jar:6.0.4]
	at org.springframework.beans.factory.support.AbstractBeanFactory.doGetBean(AbstractBeanFactory.java:324) ~[spring-beans-6.0.4.jar:6.0.4]
	at org.springframework.beans.factory.support.AbstractBeanFactory.getBean(AbstractBeanFactory.java:200) ~[spring-beans-6.0.4.jar:6.0.4]
	at org.springframework.context.support.AbstractApplicationContext.getBean(AbstractApplicationContext.java:1130) ~[spring-context-6.0.4.jar:6.0.4]
	at org.springframework.context.support.AbstractApplicationContext.finishBeanFactoryInitialization(AbstractApplicationContext.java:905) ~[spring-context-6.0.4.jar:6.0.4]
	at org.springframework.context.support.AbstractApplicationContext.refresh(AbstractApplicationContext.java:584) ~[spring-context-6.0.4.jar:6.0.4]
	at org.springframework.boot.web.servlet.context.ServletWebServerApplicationContext.refresh(ServletWebServerApplicationContext.java:146) ~[spring-boot-3.0.2.jar:3.0.2]
	at org.springframework.boot.SpringApplication.refresh(SpringApplication.java:730) ~[spring-boot-3.0.2.jar:3.0.2]
	at org.springframework.boot.SpringApplication.refreshContext(SpringApplication.java:432) ~[spring-boot-3.0.2.jar:3.0.2]
	at org.springframework.boot.SpringApplication.run(SpringApplication.java:308) ~[spring-boot-3.0.2.jar:3.0.2]
	at org.springframework.boot.SpringApplication.run(SpringApplication.java:1302) ~[spring-boot-3.0.2.jar:3.0.2]
	at org.springframework.boot.SpringApplication.run(SpringApplication.java:1291) ~[spring-boot-3.0.2.jar:3.0.2]
	at lit.unichristus.edu.br.mssupportequipment.MsreserveequipmentApplication.main(MssupportequipmentApplication.java:14) ~[classes/:na]
Caused by: org.hibernate.AnnotationException: Association 'lit.unichristus.edu.br.mssupportequipment.models.SupportEquipmentModel.campus' targets an unknown entity named 'lit.unichristus.edu.br.mssupportequipment.models.CampusModel'
	at org.hibernate.cfg.ToOneFkSecondPass.doSecondPass(ToOneFkSecondPass.java:97) ~[hibernate-core-6.1.6.Final.jar:6.1.6.Final]
	at org.hibernate.boot.internal.InFlightMetadataCollectorImpl.processEndOfQueue(InFlightMetadataCollectorImpl.java:1879) ~[hibernate-core-6.1.6.Final.jar:6.1.6.Final]
	at org.hibernate.boot.internal.InFlightMetadataCollectorImpl.processFkSecondPassesInOrder(InFlightMetadataCollectorImpl.java:1826) ~[hibernate-core-6.1.6.Final.jar:6.1.6.Final]
	at org.hibernate.boot.internal.InFlightMetadataCollectorImpl.processSecondPasses(InFlightMetadataCollectorImpl.java:1733) ~[hibernate-core-6.1.6.Final.jar:6.1.6.Final]
	at org.hibernate.boot.model.process.spi.MetadataBuildingProcess.complete(MetadataBuildingProcess.java:300) ~[hibernate-core-6.1.6.Final.jar:6.1.6.Final]
	at org.hibernate.jpa.boot.internal.EntityManagerFactoryBuilderImpl.metadata(EntityManagerFactoryBuilderImpl.java:1350) ~[hibernate-core-6.1.6.Final.jar:6.1.6.Final]
	at org.hibernate.jpa.boot.internal.EntityManagerFactoryBuilderImpl.build(EntityManagerFactoryBuilderImpl.java:1421) ~[hibernate-core-6.1.6.Final.jar:6.1.6.Final]
	at org.springframework.orm.jpa.vendor.SpringHibernateJpaPersistenceProvider.createContainerEntityManagerFactory(SpringHibernateJpaPersistenceProvider.java:66) ~[spring-orm-6.0.4.jar:6.0.4]
	at org.springframework.orm.jpa.LocalContainerEntityManagerFactoryBean.createNativeEntityManagerFactory(LocalContainerEntityManagerFactoryBean.java:376) ~[spring-orm-6.0.4.jar:6.0.4]
	at org.springframework.orm.jpa.AbstractEntityManagerFactoryBean.buildNativeEntityManagerFactory(AbstractEntityManagerFactoryBean.java:409) ~[spring-orm-6.0.4.jar:6.0.4]
	at org.springframework.orm.jpa.AbstractEntityManagerFactoryBean.afterPropertiesSet(AbstractEntityManagerFactoryBean.java:396) ~[spring-orm-6.0.4.jar:6.0.4]
	at org.springframework.orm.jpa.LocalContainerEntityManagerFactoryBean.afterPropertiesSet(LocalContainerEntityManagerFactoryBean.java:352) ~[spring-orm-6.0.4.jar:6.0.4]
	at org.springframework.beans.factory.support.AbstractAutowireCapableBeanFactory.invokeInitMethods(AbstractAutowireCapableBeanFactory.java:1797) ~[spring-beans-6.0.4.jar:6.0.4]
	at org.springframework.beans.factory.support.AbstractAutowireCapableBeanFactory.initializeBean(AbstractAutowireCapableBeanFactory.java:1747) ~[spring-beans-6.0.4.jar:6.0.4]
	... 16 common frames omitted

