2023-07-11T09:34:55.667-03:00  INFO 9700 --- [main] c.c.c.ConfigServicePropertySourceLocator : Fetching config from server at : http://localhost:7000
2023-07-11T09:34:56.022-03:00  INFO 9700 --- [main] c.c.c.ConfigServicePropertySourceLocator : Exception on Url - http://localhost:7000:org.springframework.web.client.ResourceAccessException: I/O error on GET request for "http://localhost:7000/exam/default": Connection refused: no further information. Will be trying the next url if available
2023-07-11T09:34:56.023-03:00  WARN 9700 --- [main] c.c.c.ConfigServicePropertySourceLocator : Could not locate PropertySource: I/O error on GET request for "http://localhost:7000/exam/default": Connection refused: no further information
2023-07-11T09:34:56.029-03:00  INFO 9700 --- [main] l.u.e.b.m.MssupportequipmentApplication  : The following 1 profile is active: "default"
2023-07-11T09:34:57.667-03:00  INFO 9700 --- [main] .s.d.r.c.RepositoryConfigurationDelegate : Bootstrapping Spring Data JPA repositories in DEFAULT mode.
2023-07-11T09:34:57.689-03:00  INFO 9700 --- [main] .s.d.r.c.RepositoryConfigurationDelegate : Finished Spring Data repository scanning in 9 ms. Found 0 JPA repository interfaces.
2023-07-11T09:34:58.120-03:00  INFO 9700 --- [main] o.s.cloud.context.scope.GenericScope     : BeanFactory id=1fb6e825-2ab1-3e3b-8e6f-0cc7bcc081a0
2023-07-11T09:34:59.026-03:00  INFO 9700 --- [main] o.s.b.w.embedded.tomcat.TomcatWebServer  : Tomcat initialized with port(s): 0 (http)
2023-07-11T09:34:59.051-03:00  INFO 9700 --- [main] o.apache.catalina.core.StandardService   : Starting service [Tomcat]
2023-07-11T09:34:59.052-03:00  INFO 9700 --- [main] o.apache.catalina.core.StandardEngine    : Starting Servlet engine: [Apache Tomcat/10.1.5]
2023-07-11T09:34:59.340-03:00  INFO 9700 --- [main] o.a.c.c.C.[Tomcat].[localhost].[/]       : Initializing Spring embedded WebApplicationContext
2023-07-11T09:34:59.341-03:00  INFO 9700 --- [main] w.s.c.ServletWebServerApplicationContext : Root WebApplicationContext: initialization completed in 3296 ms
2023-07-11T09:34:59.796-03:00  WARN 9700 --- [main] ConfigServletWebServerApplicationContext : Exception encountered during context initialization - cancelling refresh attempt: org.springframework.beans.factory.UnsatisfiedDependencyException: Error creating bean with name 'dataSourceScriptDatabaseInitializer' defined in class path resource [org/springframework/boot/autoconfigure/sql/init/DataSourceInitializationConfiguration.class]: Unsatisfied dependency expressed through method 'dataSourceScriptDatabaseInitializer' parameter 0: Error creating bean with name 'dataSource' defined in class path resource [org/springframework/boot/autoconfigure/jdbc/DataSourceConfiguration$Hikari.class]: Failed to instantiate [com.zaxxer.hikari.HikariDataSource]: Factory method 'dataSource' threw exception with message: Failed to determine a suitable driver class
2023-07-11T09:34:59.798-03:00  INFO 9700 --- [main] o.apache.catalina.core.StandardService   : Stopping service [Tomcat]
2023-07-11T09:34:59.957-03:00  INFO 9700 --- [main] .s.b.a.l.ConditionEvaluationReportLogger : 

Error starting ApplicationContext. To display the condition evaluation report re-run your application with 'debug' enabled.
2023-07-11T09:35:00.017-03:00 ERROR 9700 --- [main] o.s.b.d.LoggingFailureAnalysisReporter   : 

***************************
APPLICATION FAILED TO START
***************************

Description:

Failed to configure a DataSource: 'url' attribute is not specified and no embedded datasource could be configured.

Reason: Failed to determine a suitable driver class


Action:

Consider the following:
	If you want an embedded database (H2, HSQL or Derby), please put it on the classpath.
	If you have database settings to be loaded from a particular profile you may need to activate it (the profiles default are currently active).

